Arguments: 
  /usr/local/bin/node /usr/local/Cellar/yarn/1.22.4/libexec/bin/yarn.js add emailjs.js

PATH: 
  /usr/local/lib/node_modules/npm/node_modules/npm-lifecycle/node-gyp-bin:/Users/dannywei/Desktop/side-project/creation/node_modules/.bin:/usr/local/bin:/usr/bin:/bin:/usr/sbin:/sbin

Yarn version: 
  1.22.4

Node version: 
  12.16.1

Platform: 
  darwin x64

Trace: 
  Error: https://registry.npmjs.org/emailjs.js: Not found
      at Request.params.callback [as _callback] (/usr/local/Cellar/yarn/1.22.4/libexec/lib/cli.js:66987:18)
      at Request.self.callback (/usr/local/Cellar/yarn/1.22.4/libexec/lib/cli.js:140748:22)
      at Request.emit (events.js:311:20)
      at Request.<anonymous> (/usr/local/Cellar/yarn/1.22.4/libexec/lib/cli.js:141720:10)
      at Request.emit (events.js:311:20)
      at IncomingMessage.<anonymous> (/usr/local/Cellar/yarn/1.22.4/libexec/lib/cli.js:141642:12)
      at Object.onceWrapper (events.js:417:28)
      at IncomingMessage.emit (events.js:323:22)
      at endReadableNT (_stream_readable.js:1204:12)
      at processTicksAndRejections (internal/process/task_queues.js:84:21)

npm manifest: 
  {
    "name": "project",
    "version": "1.0.0",
    "main": "index.js",
    "license": "MIT",
    "private": true,
    "scripts": {
      "start": "parcel index.html --port 9922 --open",
      "build": "parcel build index.html --public-url ./",
      "test": "echo \"Error: no test specified\" && exit 1"
    },
    "babel": {
      "presets": [
        "@babel/preset-env"
      ],
      "plugins": [
        "@babel/plugin-transform-runtime"
      ]
    },
    "postcss": {
      "plugins": {
        "autoprefixer": {
          "overrideBrowserslist": [
            "> 1%",
            "last 2 versions",
            "not ie < 10"
          ],
          "grid": true
        }
      }
    },
    "dependencies": {
      "email.min.js": "^1.2.3-0",
      "emailjs": "^3.2.1",
      "emailjs-com": "^2.4.1",
      "flexslider": "^2.7.2",
      "jquery": "^3.5.1",
      "particles.js": "^2.0.0",
      "reset-css": "^5.0.1",
      "slick-carousel": "^1.8.1",
      "sweetalert2": "^9.14.0"
    },
    "devDependencies": {
      "@babel/core": "^7.10.3",
      "@babel/plugin-transform-runtime": "^7.10.3",
      "@babel/preset-env": "^7.10.3",
      "autoprefixer": "^9.8.4",
      "sass": "^1.26.7"
    }
  }

yarn manifest: 
  No manifest

Lockfile: 
  # THIS IS AN AUTOGENERATED FILE. DO NOT EDIT THIS FILE DIRECTLY.
  # yarn lockfile v1
  
  
  "@babel/code-frame@^7.10.4":
    version "7.10.4"
    resolved "https://registry.yarnpkg.com/@babel/code-frame/-/code-frame-7.10.4.tgz#168da1a36e90da68ae8d49c0f1b48c7c6249213a"
    integrity sha512-vG6SvB6oYEhvgisZNFRmRCUkLz11c7rp+tbNTynGqc6mS1d5ATd/sGyV6W0KZZnXRKMTzZDRgQT3Ou9jhpAfUg==
    dependencies:
      "@babel/highlight" "^7.10.4"
  
  "@babel/compat-data@^7.10.4":
    version "7.10.4"
    resolved "https://registry.yarnpkg.com/@babel/compat-data/-/compat-data-7.10.4.tgz#706a6484ee6f910b719b696a9194f8da7d7ac241"
    integrity sha512-t+rjExOrSVvjQQXNp5zAIYDp00KjdvGl/TpDX5REPr0S9IAIPQMTilcfG6q8c0QFmj9lSTVySV2VTsyggvtNIw==
    dependencies:
      browserslist "^4.12.0"
      invariant "^2.2.4"
      semver "^5.5.0"
  
  "@babel/core@^7.10.3":
    version "7.10.4"
    resolved "https://registry.yarnpkg.com/@babel/core/-/core-7.10.4.tgz#780e8b83e496152f8dd7df63892b2e052bf1d51d"
    integrity sha512-3A0tS0HWpy4XujGc7QtOIHTeNwUgWaZc/WuS5YQrfhU67jnVmsD6OGPc1AKHH0LJHQICGncy3+YUjIhVlfDdcA==
    dependencies:
      "@babel/code-frame" "^7.10.4"
      "@babel/generator" "^7.10.4"
      "@babel/helper-module-transforms" "^7.10.4"
      "@babel/helpers" "^7.10.4"
      "@babel/parser" "^7.10.4"
      "@babel/template" "^7.10.4"
      "@babel/traverse" "^7.10.4"
      "@babel/types" "^7.10.4"
      convert-source-map "^1.7.0"
      debug "^4.1.0"
      gensync "^1.0.0-beta.1"
      json5 "^2.1.2"
      lodash "^4.17.13"
      resolve "^1.3.2"
      semver "^5.4.1"
      source-map "^0.5.0"
  
  "@babel/generator@^7.10.4":
    version "7.10.4"
    resolved "https://registry.yarnpkg.com/@babel/generator/-/generator-7.10.4.tgz#e49eeed9fe114b62fa5b181856a43a5e32f5f243"
    integrity sha512-toLIHUIAgcQygFZRAQcsLQV3CBuX6yOIru1kJk/qqqvcRmZrYe6WavZTSG+bB8MxhnL9YPf+pKQfuiP161q7ng==
    dependencies:
      "@babel/types" "^7.10.4"
      jsesc "^2.5.1"
      lodash "^4.17.13"
      source-map "^0.5.0"
  
  "@babel/helper-annotate-as-pure@^7.10.1":
    version "7.10.1"
    resolved "https://registry.yarnpkg.com/@babel/helper-annotate-as-pure/-/helper-annotate-as-pure-7.10.1.tgz#f6d08acc6f70bbd59b436262553fb2e259a1a268"
    integrity sha512-ewp3rvJEwLaHgyWGe4wQssC2vjks3E80WiUe2BpMb0KhreTjMROCbxXcEovTrbeGVdQct5VjQfrv9EgC+xMzCw==
    dependencies:
      "@babel/types" "^7.10.1"
  
  "@babel/helper-annotate-as-pure@^7.10.4":
    version "7.10.4"
    resolved "https://registry.yarnpkg.com/@babel/helper-annotate-as-pure/-/helper-annotate-as-pure-7.10.4.tgz#5bf0d495a3f757ac3bda48b5bf3b3ba309c72ba3"
    integrity sha512-XQlqKQP4vXFB7BN8fEEerrmYvHp3fK/rBkRFz9jaJbzK0B1DSfej9Kc7ZzE8Z/OnId1jpJdNAZ3BFQjWG68rcA==
    dependencies:
      "@babel/types" "^7.10.4"
  
  "@babel/helper-builder-binary-assignment-operator-visitor@^7.10.4":
    version "7.10.4"
    resolved "https://registry.yarnpkg.com/@babel/helper-builder-binary-assignment-operator-visitor/-/helper-builder-binary-assignment-operator-visitor-7.10.4.tgz#bb0b75f31bf98cbf9ff143c1ae578b87274ae1a3"
    integrity sha512-L0zGlFrGWZK4PbT8AszSfLTM5sDU1+Az/En9VrdT8/LmEiJt4zXt+Jve9DCAnQcbqDhCI+29y/L93mrDzddCcg==
    dependencies:
      "@babel/helper-explode-assignable-expression" "^7.10.4"
      "@babel/types" "^7.10.4"
  
  "@babel/helper-compilation-targets@^7.10.4":
    version "7.10.4"
    resolved "https://registry.yarnpkg.com/@babel/helper-compilation-targets/-/helper-compilation-targets-7.10.4.tgz#804ae8e3f04376607cc791b9d47d540276332bd2"
    integrity sha512-a3rYhlsGV0UHNDvrtOXBg8/OpfV0OKTkxKPzIplS1zpx7CygDcWWxckxZeDd3gzPzC4kUT0A4nVFDK0wGMh4MQ==
    dependencies:
      "@babel/compat-data" "^7.10.4"
      browserslist "^4.12.0"
      invariant "^2.2.4"
      levenary "^1.1.1"
      semver "^5.5.0"
  
  "@babel/helper-create-class-features-plugin@^7.10.4":
    version "7.10.4"
    resolved "https://registry.yarnpkg.com/@babel/helper-create-class-features-plugin/-/helper-create-class-features-plugin-7.10.4.tgz#2d4015d0136bd314103a70d84a7183e4b344a355"
    integrity sha512-9raUiOsXPxzzLjCXeosApJItoMnX3uyT4QdM2UldffuGApNrF8e938MwNpDCK9CPoyxrEoCgT+hObJc3mZa6lQ==
    dependencies:
      "@babel/helper-function-name" "^7.10.4"
      "@babel/helper-member-expression-to-functions" "^7.10.4"
      "@babel/helper-optimise-call-expression" "^7.10.4"
      "@babel/helper-plugin-utils" "^7.10.4"
      "@babel/helper-replace-supers" "^7.10.4"
      "@babel/helper-split-export-declaration" "^7.10.4"
  
  "@babel/helper-create-regexp-features-plugin@^7.10.1":
    version "7.10.1"
    resolved "https://registry.yarnpkg.com/@babel/helper-create-regexp-features-plugin/-/helper-create-regexp-features-plugin-7.10.1.tgz#1b8feeab1594cbcfbf3ab5a3bbcabac0468efdbd"
    integrity sha512-Rx4rHS0pVuJn5pJOqaqcZR4XSgeF9G/pO/79t+4r7380tXFJdzImFnxMU19f83wjSrmKHq6myrM10pFHTGzkUA==
    dependencies:
      "@babel/helper-annotate-as-pure" "^7.10.1"
      "@babel/helper-regex" "^7.10.1"
      regexpu-core "^4.7.0"
  
  "@babel/helper-create-regexp-features-plugin@^7.10.4":
    version "7.10.4"
    resolved "https://registry.yarnpkg.com/@babel/helper-create-regexp-features-plugin/-/helper-create-regexp-features-plugin-7.10.4.tgz#fdd60d88524659a0b6959c0579925e425714f3b8"
    integrity sha512-2/hu58IEPKeoLF45DBwx3XFqsbCXmkdAay4spVr2x0jYgRxrSNp+ePwvSsy9g6YSaNDcKIQVPXk1Ov8S2edk2g==
    dependencies:
      "@babel/helper-annotate-as-pure" "^7.10.4"
      "@babel/helper-regex" "^7.10.4"
      regexpu-core "^4.7.0"
  
  "@babel/helper-define-map@^7.10.4":
    version "7.10.4"
    resolved "https://registry.yarnpkg.com/@babel/helper-define-map/-/helper-define-map-7.10.4.tgz#f037ad794264f729eda1889f4ee210b870999092"
    integrity sha512-nIij0oKErfCnLUCWaCaHW0Bmtl2RO9cN7+u2QT8yqTywgALKlyUVOvHDElh+b5DwVC6YB1FOYFOTWcN/+41EDA==
    dependencies:
      "@babel/helper-function-name" "^7.10.4"
      "@babel/types" "^7.10.4"
      lodash "^4.17.13"
  
  "@babel/helper-explode-assignable-expression@^7.10.4":
    version "7.10.4"
    resolved "https://registry.yarnpkg.com/@babel/helper-explode-assignable-expression/-/helper-explode-assignable-expression-7.10.4.tgz#40a1cd917bff1288f699a94a75b37a1a2dbd8c7c"
    integrity sha512-4K71RyRQNPRrR85sr5QY4X3VwG4wtVoXZB9+L3r1Gp38DhELyHCtovqydRi7c1Ovb17eRGiQ/FD5s8JdU0Uy5A==
    dependencies:
      "@babel/traverse" "^7.10.4"
      "@babel/types" "^7.10.4"
  
  "@babel/helper-function-name@^7.10.4":
    version "7.10.4"
    resolved "https://registry.yarnpkg.com/@babel/helper-function-name/-/helper-function-name-7.10.4.tgz#d2d3b20c59ad8c47112fa7d2a94bc09d5ef82f1a"
    integrity sha512-YdaSyz1n8gY44EmN7x44zBn9zQ1Ry2Y+3GTA+3vH6Mizke1Vw0aWDM66FOYEPw8//qKkmqOckrGgTYa+6sceqQ==
    dependencies:
      "@babel/helper-get-function-arity" "^7.10.4"
      "@babel/template" "^7.10.4"
      "@babel/types" "^7.10.4"
  
  "@babel/helper-get-function-arity@^7.10.4":
    version "7.10.4"
    resolved "https://registry.yarnpkg.com/@babel/helper-get-function-arity/-/helper-get-function-arity-7.10.4.tgz#98c1cbea0e2332f33f9a4661b8ce1505b2c19ba2"
    integrity sha512-EkN3YDB+SRDgiIUnNgcmiD361ti+AVbL3f3Henf6dqqUyr5dMsorno0lJWJuLhDhkI5sYEpgj6y9kB8AOU1I2A==
    dependencies:
      "@babel/types" "^7.10.4"
  
  "@babel/helper-hoist-variables@^7.10.4":
    version "7.10.4"
    resolved "https://registry.yarnpkg.com/@babel/helper-hoist-variables/-/helper-hoist-variables-7.10.4.tgz#d49b001d1d5a68ca5e6604dda01a6297f7c9381e"
    integrity sha512-wljroF5PgCk2juF69kanHVs6vrLwIPNp6DLD+Lrl3hoQ3PpPPikaDRNFA+0t81NOoMt2DL6WW/mdU8k4k6ZzuA==
    dependencies:
      "@babel/types" "^7.10.4"
  
  "@babel/helper-member-expression-to-functions@^7.10.4":
    version "7.10.4"
    resolved "https://registry.yarnpkg.com/@babel/helper-member-expression-to-functions/-/helper-member-expression-to-functions-7.10.4.tgz#7cd04b57dfcf82fce9aeae7d4e4452fa31b8c7c4"
    integrity sha512-m5j85pK/KZhuSdM/8cHUABQTAslV47OjfIB9Cc7P+PvlAoBzdb79BGNfw8RhT5Mq3p+xGd0ZfAKixbrUZx0C7A==
    dependencies:
      "@babel/types" "^7.10.4"
  
  "@babel/helper-module-imports@^7.10.4":
    version "7.10.4"
    resolved "https://registry.yarnpkg.com/@babel/helper-module-imports/-/helper-module-imports-7.10.4.tgz#4c5c54be04bd31670a7382797d75b9fa2e5b5620"
    integrity sha512-nEQJHqYavI217oD9+s5MUBzk6x1IlvoS9WTPfgG43CbMEeStE0v+r+TucWdx8KFGowPGvyOkDT9+7DHedIDnVw==
    dependencies:
      "@babel/types" "^7.10.4"
  
  "@babel/helper-module-transforms@^7.10.4":
    version "7.10.4"
    resolved "https://registry.yarnpkg.com/@babel/helper-module-transforms/-/helper-module-transforms-7.10.4.tgz#ca1f01fdb84e48c24d7506bb818c961f1da8805d"
    integrity sha512-Er2FQX0oa3nV7eM1o0tNCTx7izmQtwAQsIiaLRWtavAAEcskb0XJ5OjJbVrYXWOTr8om921Scabn4/tzlx7j1Q==
    dependencies:
      "@babel/helper-module-imports" "^7.10.4"
      "@babel/helper-replace-supers" "^7.10.4"
      "@babel/helper-simple-access" "^7.10.4"
      "@babel/helper-split-export-declaration" "^7.10.4"
      "@babel/template" "^7.10.4"
      "@babel/types" "^7.10.4"
      lodash "^4.17.13"
  
  "@babel/helper-optimise-call-expression@^7.10.4":
    version "7.10.4"
    resolved "https://registry.yarnpkg.com/@babel/helper-optimise-call-expression/-/helper-optimise-call-expression-7.10.4.tgz#50dc96413d594f995a77905905b05893cd779673"
    integrity sha512-n3UGKY4VXwXThEiKrgRAoVPBMqeoPgHVqiHZOanAJCG9nQUL2pLRQirUzl0ioKclHGpGqRgIOkgcIJaIWLpygg==
    dependencies:
      "@babel/types" "^7.10.4"
  
  "@babel/helper-plugin-utils@^7.0.0", "@babel/helper-plugin-utils@^7.10.1", "@babel/helper-plugin-utils@^7.8.0":
    version "7.10.1"
    resolved "https://registry.yarnpkg.com/@babel/helper-plugin-utils/-/helper-plugin-utils-7.10.1.tgz#ec5a5cf0eec925b66c60580328b122c01230a127"
    integrity sha512-fvoGeXt0bJc7VMWZGCAEBEMo/HAjW2mP8apF5eXK0wSqwLAVHAISCWRoLMBMUs2kqeaG77jltVqu4Hn8Egl3nA==
  
  "@babel/helper-plugin-utils@^7.10.4":
    version "7.10.4"
    resolved "https://registry.yarnpkg.com/@babel/helper-plugin-utils/-/helper-plugin-utils-7.10.4.tgz#2f75a831269d4f677de49986dff59927533cf375"
    integrity sha512-O4KCvQA6lLiMU9l2eawBPMf1xPP8xPfB3iEQw150hOVTqj/rfXz0ThTb4HEzqQfs2Bmo5Ay8BzxfzVtBrr9dVg==
  
  "@babel/helper-regex@^7.10.1":
    version "7.10.1"
    resolved "https://registry.yarnpkg.com/@babel/helper-regex/-/helper-regex-7.10.1.tgz#021cf1a7ba99822f993222a001cc3fec83255b96"
    integrity sha512-7isHr19RsIJWWLLFn21ubFt223PjQyg1HY7CZEMRr820HttHPpVvrsIN3bUOo44DEfFV4kBXO7Abbn9KTUZV7g==
    dependencies:
      lodash "^4.17.13"
  
  "@babel/helper-regex@^7.10.4":
    version "7.10.4"
    resolved "https://registry.yarnpkg.com/@babel/helper-regex/-/helper-regex-7.10.4.tgz#59b373daaf3458e5747dece71bbaf45f9676af6d"
    integrity sha512-inWpnHGgtg5NOF0eyHlC0/74/VkdRITY9dtTpB2PrxKKn+AkVMRiZz/Adrx+Ssg+MLDesi2zohBW6MVq6b4pOQ==
    dependencies:
      lodash "^4.17.13"
  
  "@babel/helper-remap-async-to-generator@^7.10.4":
    version "7.10.4"
    resolved "https://registry.yarnpkg.com/@babel/helper-remap-async-to-generator/-/helper-remap-async-to-generator-7.10.4.tgz#fce8bea4e9690bbe923056ded21e54b4e8b68ed5"
    integrity sha512-86Lsr6NNw3qTNl+TBcF1oRZMaVzJtbWTyTko+CQL/tvNvcGYEFKbLXDPxtW0HKk3McNOk4KzY55itGWCAGK5tg==
    dependencies:
      "@babel/helper-annotate-as-pure" "^7.10.4"
      "@babel/helper-wrap-function" "^7.10.4"
      "@babel/template" "^7.10.4"
      "@babel/traverse" "^7.10.4"
      "@babel/types" "^7.10.4"
  
  "@babel/helper-replace-supers@^7.10.4":
    version "7.10.4"
    resolved "https://registry.yarnpkg.com/@babel/helper-replace-supers/-/helper-replace-supers-7.10.4.tgz#d585cd9388ea06e6031e4cd44b6713cbead9e6cf"
    integrity sha512-sPxZfFXocEymYTdVK1UNmFPBN+Hv5mJkLPsYWwGBxZAxaWfFu+xqp7b6qWD0yjNuNL2VKc6L5M18tOXUP7NU0A==
    dependencies:
      "@babel/helper-member-expression-to-functions" "^7.10.4"
      "@babel/helper-optimise-call-expression" "^7.10.4"
      "@babel/traverse" "^7.10.4"
      "@babel/types" "^7.10.4"
  
  "@babel/helper-simple-access@^7.10.4":
    version "7.10.4"
    resolved "https://registry.yarnpkg.com/@babel/helper-simple-access/-/helper-simple-access-7.10.4.tgz#0f5ccda2945277a2a7a2d3a821e15395edcf3461"
    integrity sha512-0fMy72ej/VEvF8ULmX6yb5MtHG4uH4Dbd6I/aHDb/JVg0bbivwt9Wg+h3uMvX+QSFtwr5MeItvazbrc4jtRAXw==
    dependencies:
      "@babel/template" "^7.10.4"
      "@babel/types" "^7.10.4"
  
  "@babel/helper-split-export-declaration@^7.10.4":
    version "7.10.4"
    resolved "https://registry.yarnpkg.com/@babel/helper-split-export-declaration/-/helper-split-export-declaration-7.10.4.tgz#2c70576eaa3b5609b24cb99db2888cc3fc4251d1"
    integrity sha512-pySBTeoUff56fL5CBU2hWm9TesA4r/rOkI9DyJLvvgz09MB9YtfIYe3iBriVaYNaPe+Alua0vBIOVOLs2buWhg==
    dependencies:
      "@babel/types" "^7.10.4"
  
  "@babel/helper-validator-identifier@^7.10.1":
    version "7.10.1"
    resolved "https://registry.yarnpkg.com/@babel/helper-validator-identifier/-/helper-validator-identifier-7.10.1.tgz#5770b0c1a826c4f53f5ede5e153163e0318e94b5"
    integrity sha512-5vW/JXLALhczRCWP0PnFDMCJAchlBvM7f4uk/jXritBnIa6E1KmqmtrS3yn1LAnxFBypQ3eneLuXjsnfQsgILw==
  
  "@babel/helper-validator-identifier@^7.10.4":
    version "7.10.4"
    resolved "https://registry.yarnpkg.com/@babel/helper-validator-identifier/-/helper-validator-identifier-7.10.4.tgz#a78c7a7251e01f616512d31b10adcf52ada5e0d2"
    integrity sha512-3U9y+43hz7ZM+rzG24Qe2mufW5KhvFg/NhnNph+i9mgCtdTCtMJuI1TMkrIUiK7Ix4PYlRF9I5dhqaLYA/ADXw==
  
  "@babel/helper-wrap-function@^7.10.4":
    version "7.10.4"
    resolved "https://registry.yarnpkg.com/@babel/helper-wrap-function/-/helper-wrap-function-7.10.4.tgz#8a6f701eab0ff39f765b5a1cfef409990e624b87"
    integrity sha512-6py45WvEF0MhiLrdxtRjKjufwLL1/ob2qDJgg5JgNdojBAZSAKnAjkyOCNug6n+OBl4VW76XjvgSFTdaMcW0Ug==
    dependencies:
      "@babel/helper-function-name" "^7.10.4"
      "@babel/template" "^7.10.4"
      "@babel/traverse" "^7.10.4"
      "@babel/types" "^7.10.4"
  
  "@babel/helpers@^7.10.4":
    version "7.10.4"
    resolved "https://registry.yarnpkg.com/@babel/helpers/-/helpers-7.10.4.tgz#2abeb0d721aff7c0a97376b9e1f6f65d7a475044"
    integrity sha512-L2gX/XeUONeEbI78dXSrJzGdz4GQ+ZTA/aazfUsFaWjSe95kiCuOZ5HsXvkiw3iwF+mFHSRUfJU8t6YavocdXA==
    dependencies:
      "@babel/template" "^7.10.4"
      "@babel/traverse" "^7.10.4"
      "@babel/types" "^7.10.4"
  
  "@babel/highlight@^7.10.4":
    version "7.10.4"
    resolved "https://registry.yarnpkg.com/@babel/highlight/-/highlight-7.10.4.tgz#7d1bdfd65753538fabe6c38596cdb76d9ac60143"
    integrity sha512-i6rgnR/YgPEQzZZnbTHHuZdlE8qyoBNalD6F+q4vAFlcMEcqmkoG+mPqJYJCo63qPf74+Y1UZsl3l6f7/RIkmA==
    dependencies:
      "@babel/helper-validator-identifier" "^7.10.4"
      chalk "^2.0.0"
      js-tokens "^4.0.0"
  
  "@babel/parser@^7.10.4":
    version "7.10.4"
    resolved "https://registry.yarnpkg.com/@babel/parser/-/parser-7.10.4.tgz#9eedf27e1998d87739fb5028a5120557c06a1a64"
    integrity sha512-8jHII4hf+YVDsskTF6WuMB3X4Eh+PsUkC2ljq22so5rHvH+T8BzyL94VOdyFLNR8tBSVXOTbNHOKpR4TfRxVtA==
  
  "@babel/plugin-proposal-async-generator-functions@^7.10.4":
    version "7.10.4"
    resolved "https://registry.yarnpkg.com/@babel/plugin-proposal-async-generator-functions/-/plugin-proposal-async-generator-functions-7.10.4.tgz#4b65abb3d9bacc6c657aaa413e56696f9f170fc6"
    integrity sha512-MJbxGSmejEFVOANAezdO39SObkURO5o/8b6fSH6D1pi9RZQt+ldppKPXfqgUWpSQ9asM6xaSaSJIaeWMDRP0Zg==
    dependencies:
      "@babel/helper-plugin-utils" "^7.10.4"
      "@babel/helper-remap-async-to-generator" "^7.10.4"
      "@babel/plugin-syntax-async-generators" "^7.8.0"
  
  "@babel/plugin-proposal-class-properties@^7.10.4":
    version "7.10.4"
    resolved "https://registry.yarnpkg.com/@babel/plugin-proposal-class-properties/-/plugin-proposal-class-properties-7.10.4.tgz#a33bf632da390a59c7a8c570045d1115cd778807"
    integrity sha512-vhwkEROxzcHGNu2mzUC0OFFNXdZ4M23ib8aRRcJSsW8BZK9pQMD7QB7csl97NBbgGZO7ZyHUyKDnxzOaP4IrCg==
    dependencies:
      "@babel/helper-create-class-features-plugin" "^7.10.4"
      "@babel/helper-plugin-utils" "^7.10.4"
  
  "@babel/plugin-proposal-dynamic-import@^7.10.4":
    version "7.10.4"
    resolved "https://registry.yarnpkg.com/@babel/plugin-proposal-dynamic-import/-/plugin-proposal-dynamic-import-7.10.4.tgz#ba57a26cb98b37741e9d5bca1b8b0ddf8291f17e"
    integrity sha512-up6oID1LeidOOASNXgv/CFbgBqTuKJ0cJjz6An5tWD+NVBNlp3VNSBxv2ZdU7SYl3NxJC7agAQDApZusV6uFwQ==
    dependencies:
      "@babel/helper-plugin-utils" "^7.10.4"
      "@babel/plugin-syntax-dynamic-import" "^7.8.0"
  
  "@babel/plugin-proposal-json-strings@^7.10.4":
    version "7.10.4"
    resolved "https://registry.yarnpkg.com/@babel/plugin-proposal-json-strings/-/plugin-proposal-json-strings-7.10.4.tgz#593e59c63528160233bd321b1aebe0820c2341db"
    integrity sha512-fCL7QF0Jo83uy1K0P2YXrfX11tj3lkpN7l4dMv9Y9VkowkhkQDwFHFd8IiwyK5MZjE8UpbgokkgtcReH88Abaw==
    dependencies:
      "@babel/helper-plugin-utils" "^7.10.4"
      "@babel/plugin-syntax-json-strings" "^7.8.0"
  
  "@babel/plugin-proposal-nullish-coalescing-operator@^7.10.4":
    version "7.10.4"
    resolved "https://registry.yarnpkg.com/@babel/plugin-proposal-nullish-coalescing-operator/-/plugin-proposal-nullish-coalescing-operator-7.10.4.tgz#02a7e961fc32e6d5b2db0649e01bf80ddee7e04a"
    integrity sha512-wq5n1M3ZUlHl9sqT2ok1T2/MTt6AXE0e1Lz4WzWBr95LsAZ5qDXe4KnFuauYyEyLiohvXFMdbsOTMyLZs91Zlw==
    dependencies:
      "@babel/helper-plugin-utils" "^7.10.4"
      "@babel/plugin-syntax-nullish-coalescing-operator" "^7.8.0"
  
  "@babel/plugin-proposal-numeric-separator@^7.10.4":
    version "7.10.4"
    resolved "https://registry.yarnpkg.com/@babel/plugin-proposal-numeric-separator/-/plugin-proposal-numeric-separator-7.10.4.tgz#ce1590ff0a65ad12970a609d78855e9a4c1aef06"
    integrity sha512-73/G7QoRoeNkLZFxsoCCvlg4ezE4eM+57PnOqgaPOozd5myfj7p0muD1mRVJvbUWbOzD+q3No2bWbaKy+DJ8DA==
    dependencies:
      "@babel/helper-plugin-utils" "^7.10.4"
      "@babel/plugin-syntax-numeric-separator" "^7.10.4"
  
  "@babel/plugin-proposal-object-rest-spread@^7.10.4":
    version "7.10.4"
    resolved "https://registry.yarnpkg.com/@babel/plugin-proposal-object-rest-spread/-/plugin-proposal-object-rest-spread-7.10.4.tgz#50129ac216b9a6a55b3853fdd923e74bf553a4c0"
    integrity sha512-6vh4SqRuLLarjgeOf4EaROJAHjvu9Gl+/346PbDH9yWbJyfnJ/ah3jmYKYtswEyCoWZiidvVHjHshd4WgjB9BA==
    dependencies:
      "@babel/helper-plugin-utils" "^7.10.4"
      "@babel/plugin-syntax-object-rest-spread" "^7.8.0"
      "@babel/plugin-transform-parameters" "^7.10.4"
  
  "@babel/plugin-proposal-optional-catch-binding@^7.10.4":
    version "7.10.4"
    resolved "https://registry.yarnpkg.com/@babel/plugin-proposal-optional-catch-binding/-/plugin-proposal-optional-catch-binding-7.10.4.tgz#31c938309d24a78a49d68fdabffaa863758554dd"
    integrity sha512-LflT6nPh+GK2MnFiKDyLiqSqVHkQnVf7hdoAvyTnnKj9xB3docGRsdPuxp6qqqW19ifK3xgc9U5/FwrSaCNX5g==
    dependencies:
      "@babel/helper-plugin-utils" "^7.10.4"
      "@babel/plugin-syntax-optional-catch-binding" "^7.8.0"
  
  "@babel/plugin-proposal-optional-chaining@^7.10.4":
    version "7.10.4"
    resolved "https://registry.yarnpkg.com/@babel/plugin-proposal-optional-chaining/-/plugin-proposal-optional-chaining-7.10.4.tgz#750f1255e930a1f82d8cdde45031f81a0d0adff7"
    integrity sha512-ZIhQIEeavTgouyMSdZRap4VPPHqJJ3NEs2cuHs5p0erH+iz6khB0qfgU8g7UuJkG88+fBMy23ZiU+nuHvekJeQ==
    dependencies:
      "@babel/helper-plugin-utils" "^7.10.4"
      "@babel/plugin-syntax-optional-chaining" "^7.8.0"
  
  "@babel/plugin-proposal-private-methods@^7.10.4":
    version "7.10.4"
    resolved "https://registry.yarnpkg.com/@babel/plugin-proposal-private-methods/-/plugin-proposal-private-methods-7.10.4.tgz#b160d972b8fdba5c7d111a145fc8c421fc2a6909"
    integrity sha512-wh5GJleuI8k3emgTg5KkJK6kHNsGEr0uBTDBuQUBJwckk9xs1ez79ioheEVVxMLyPscB0LfkbVHslQqIzWV6Bw==
    dependencies:
      "@babel/helper-create-class-features-plugin" "^7.10.4"
      "@babel/helper-plugin-utils" "^7.10.4"
  
  "@babel/plugin-proposal-unicode-property-regex@^7.10.4":
    version "7.10.4"
    resolved "https://registry.yarnpkg.com/@babel/plugin-proposal-unicode-property-regex/-/plugin-proposal-unicode-property-regex-7.10.4.tgz#4483cda53041ce3413b7fe2f00022665ddfaa75d"
    integrity sha512-H+3fOgPnEXFL9zGYtKQe4IDOPKYlZdF1kqFDQRRb8PK4B8af1vAGK04tF5iQAAsui+mHNBQSAtd2/ndEDe9wuA==
    dependencies:
      "@babel/helper-create-regexp-features-plugin" "^7.10.4"
      "@babel/helper-plugin-utils" "^7.10.4"
  
  "@babel/plugin-proposal-unicode-property-regex@^7.4.4":
    version "7.10.1"
    resolved "https://registry.yarnpkg.com/@babel/plugin-proposal-unicode-property-regex/-/plugin-proposal-unicode-property-regex-7.10.1.tgz#dc04feb25e2dd70c12b05d680190e138fa2c0c6f"
    integrity sha512-JjfngYRvwmPwmnbRZyNiPFI8zxCZb8euzbCG/LxyKdeTb59tVciKo9GK9bi6JYKInk1H11Dq9j/zRqIH4KigfQ==
    dependencies:
      "@babel/helper-create-regexp-features-plugin" "^7.10.1"
      "@babel/helper-plugin-utils" "^7.10.1"
  
  "@babel/plugin-syntax-async-generators@^7.8.0":
    version "7.8.4"
    resolved "https://registry.yarnpkg.com/@babel/plugin-syntax-async-generators/-/plugin-syntax-async-generators-7.8.4.tgz#a983fb1aeb2ec3f6ed042a210f640e90e786fe0d"
    integrity sha512-tycmZxkGfZaxhMRbXlPXuVFpdWlXpir2W4AMhSJgRKzk/eDlIXOhb2LHWoLpDF7TEHylV5zNhykX6KAgHJmTNw==
    dependencies:
      "@babel/helper-plugin-utils" "^7.8.0"
  
  "@babel/plugin-syntax-class-properties@^7.10.4":
    version "7.10.4"
    resolved "https://registry.yarnpkg.com/@babel/plugin-syntax-class-properties/-/plugin-syntax-class-properties-7.10.4.tgz#6644e6a0baa55a61f9e3231f6c9eeb6ee46c124c"
    integrity sha512-GCSBF7iUle6rNugfURwNmCGG3Z/2+opxAMLs1nND4bhEG5PuxTIggDBoeYYSujAlLtsupzOHYJQgPS3pivwXIA==
    dependencies:
      "@babel/helper-plugin-utils" "^7.10.4"
  
  "@babel/plugin-syntax-dynamic-import@^7.8.0":
    version "7.8.3"
    resolved "https://registry.yarnpkg.com/@babel/plugin-syntax-dynamic-import/-/plugin-syntax-dynamic-import-7.8.3.tgz#62bf98b2da3cd21d626154fc96ee5b3cb68eacb3"
    integrity sha512-5gdGbFon+PszYzqs83S3E5mpi7/y/8M9eC90MRTZfduQOYW76ig6SOSPNe41IG5LoP3FGBn2N0RjVDSQiS94kQ==
    dependencies:
      "@babel/helper-plugin-utils" "^7.8.0"
  
  "@babel/plugin-syntax-json-strings@^7.8.0":
    version "7.8.3"
    resolved "https://registry.yarnpkg.com/@babel/plugin-syntax-json-strings/-/plugin-syntax-json-strings-7.8.3.tgz#01ca21b668cd8218c9e640cb6dd88c5412b2c96a"
    integrity sha512-lY6kdGpWHvjoe2vk4WrAapEuBR69EMxZl+RoGRhrFGNYVK8mOPAW8VfbT/ZgrFbXlDNiiaxQnAtgVCZ6jv30EA==
    dependencies:
      "@babel/helper-plugin-utils" "^7.8.0"
  
  "@babel/plugin-syntax-nullish-coalescing-operator@^7.8.0":
    version "7.8.3"
    resolved "https://registry.yarnpkg.com/@babel/plugin-syntax-nullish-coalescing-operator/-/plugin-syntax-nullish-coalescing-operator-7.8.3.tgz#167ed70368886081f74b5c36c65a88c03b66d1a9"
    integrity sha512-aSff4zPII1u2QD7y+F8oDsz19ew4IGEJg9SVW+bqwpwtfFleiQDMdzA/R+UlWDzfnHFCxxleFT0PMIrR36XLNQ==
    dependencies:
      "@babel/helper-plugin-utils" "^7.8.0"
  
  "@babel/plugin-syntax-numeric-separator@^7.10.4":
    version "7.10.4"
    resolved "https://registry.yarnpkg.com/@babel/plugin-syntax-numeric-separator/-/plugin-syntax-numeric-separator-7.10.4.tgz#b9b070b3e33570cd9fd07ba7fa91c0dd37b9af97"
    integrity sha512-9H6YdfkcK/uOnY/K7/aA2xpzaAgkQn37yzWUMRK7OaPOqOpGS1+n0H5hxT9AUw9EsSjPW8SVyMJwYRtWs3X3ug==
    dependencies:
      "@babel/helper-plugin-utils" "^7.10.4"
  
  "@babel/plugin-syntax-object-rest-spread@^7.8.0":
    version "7.8.3"
    resolved "https://registry.yarnpkg.com/@babel/plugin-syntax-object-rest-spread/-/plugin-syntax-object-rest-spread-7.8.3.tgz#60e225edcbd98a640332a2e72dd3e66f1af55871"
    integrity sha512-XoqMijGZb9y3y2XskN+P1wUGiVwWZ5JmoDRwx5+3GmEplNyVM2s2Dg8ILFQm8rWM48orGy5YpI5Bl8U1y7ydlA==
    dependencies:
      "@babel/helper-plugin-utils" "^7.8.0"
  
  "@babel/plugin-syntax-optional-catch-binding@^7.8.0":
    version "7.8.3"
    resolved "https://registry.yarnpkg.com/@babel/plugin-syntax-optional-catch-binding/-/plugin-syntax-optional-catch-binding-7.8.3.tgz#6111a265bcfb020eb9efd0fdfd7d26402b9ed6c1"
    integrity sha512-6VPD0Pc1lpTqw0aKoeRTMiB+kWhAoT24PA+ksWSBrFtl5SIRVpZlwN3NNPQjehA2E/91FV3RjLWoVTglWcSV3Q==
    dependencies:
      "@babel/helper-plugin-utils" "^7.8.0"
  
  "@babel/plugin-syntax-optional-chaining@^7.8.0":
    version "7.8.3"
    resolved "https://registry.yarnpkg.com/@babel/plugin-syntax-optional-chaining/-/plugin-syntax-optional-chaining-7.8.3.tgz#4f69c2ab95167e0180cd5336613f8c5788f7d48a"
    integrity sha512-KoK9ErH1MBlCPxV0VANkXW2/dw4vlbGDrFgz8bmUsBGYkFRcbRwMh6cIJubdPrkxRwuGdtCk0v/wPTKbQgBjkg==
    dependencies:
      "@babel/helper-plugin-utils" "^7.8.0"
  
  "@babel/plugin-syntax-top-level-await@^7.10.4":
    version "7.10.4"
    resolved "https://registry.yarnpkg.com/@babel/plugin-syntax-top-level-await/-/plugin-syntax-top-level-await-7.10.4.tgz#4bbeb8917b54fcf768364e0a81f560e33a3ef57d"
    integrity sha512-ni1brg4lXEmWyafKr0ccFWkJG0CeMt4WV1oyeBW6EFObF4oOHclbkj5cARxAPQyAQ2UTuplJyK4nfkXIMMFvsQ==
    dependencies:
      "@babel/helper-plugin-utils" "^7.10.4"
  
  "@babel/plugin-transform-arrow-functions@^7.10.4":
    version "7.10.4"
    resolved "https://registry.yarnpkg.com/@babel/plugin-transform-arrow-functions/-/plugin-transform-arrow-functions-7.10.4.tgz#e22960d77e697c74f41c501d44d73dbf8a6a64cd"
    integrity sha512-9J/oD1jV0ZCBcgnoFWFq1vJd4msoKb/TCpGNFyyLt0zABdcvgK3aYikZ8HjzB14c26bc7E3Q1yugpwGy2aTPNA==
    dependencies:
      "@babel/helper-plugin-utils" "^7.10.4"
  
  "@babel/plugin-transform-async-to-generator@^7.10.4":
    version "7.10.4"
    resolved "https://registry.yarnpkg.com/@babel/plugin-transform-async-to-generator/-/plugin-transform-async-to-generator-7.10.4.tgz#41a5017e49eb6f3cda9392a51eef29405b245a37"
    integrity sha512-F6nREOan7J5UXTLsDsZG3DXmZSVofr2tGNwfdrVwkDWHfQckbQXnXSPfD7iO+c/2HGqycwyLST3DnZ16n+cBJQ==
    dependencies:
      "@babel/helper-module-imports" "^7.10.4"
      "@babel/helper-plugin-utils" "^7.10.4"
      "@babel/helper-remap-async-to-generator" "^7.10.4"
  
  "@babel/plugin-transform-block-scoped-functions@^7.10.4":
    version "7.10.4"
    resolved "https://registry.yarnpkg.com/@babel/plugin-transform-block-scoped-functions/-/plugin-transform-block-scoped-functions-7.10.4.tgz#1afa595744f75e43a91af73b0d998ecfe4ebc2e8"
    integrity sha512-WzXDarQXYYfjaV1szJvN3AD7rZgZzC1JtjJZ8dMHUyiK8mxPRahynp14zzNjU3VkPqPsO38CzxiWO1c9ARZ8JA==
    dependencies:
      "@babel/helper-plugin-utils" "^7.10.4"
  
  "@babel/plugin-transform-block-scoping@^7.10.4":
    version "7.10.4"
    resolved "https://registry.yarnpkg.com/@babel/plugin-transform-block-scoping/-/plugin-transform-block-scoping-7.10.4.tgz#a670d1364bb5019a621b9ea2001482876d734787"
    integrity sha512-J3b5CluMg3hPUii2onJDRiaVbPtKFPLEaV5dOPY5OeAbDi1iU/UbbFFTgwb7WnanaDy7bjU35kc26W3eM5Qa0A==
    dependencies:
      "@babel/helper-plugin-utils" "^7.10.4"
      lodash "^4.17.13"
  
  "@babel/plugin-transform-classes@^7.10.4":
    version "7.10.4"
    resolved "https://registry.yarnpkg.com/@babel/plugin-transform-classes/-/plugin-transform-classes-7.10.4.tgz#405136af2b3e218bc4a1926228bc917ab1a0adc7"
    integrity sha512-2oZ9qLjt161dn1ZE0Ms66xBncQH4In8Sqw1YWgBUZuGVJJS5c0OFZXL6dP2MRHrkU/eKhWg8CzFJhRQl50rQxA==
    dependencies:
      "@babel/helper-annotate-as-pure" "^7.10.4"
      "@babel/helper-define-map" "^7.10.4"
      "@babel/helper-function-name" "^7.10.4"
      "@babel/helper-optimise-call-expression" "^7.10.4"
      "@babel/helper-plugin-utils" "^7.10.4"
      "@babel/helper-replace-supers" "^7.10.4"
      "@babel/helper-split-export-declaration" "^7.10.4"
      globals "^11.1.0"
  
  "@babel/plugin-transform-computed-properties@^7.10.4":
    version "7.10.4"
    resolved "https://registry.yarnpkg.com/@babel/plugin-transform-computed-properties/-/plugin-transform-computed-properties-7.10.4.tgz#9ded83a816e82ded28d52d4b4ecbdd810cdfc0eb"
    integrity sha512-JFwVDXcP/hM/TbyzGq3l/XWGut7p46Z3QvqFMXTfk6/09m7xZHJUN9xHfsv7vqqD4YnfI5ueYdSJtXqqBLyjBw==
    dependencies:
      "@babel/helper-plugin-utils" "^7.10.4"
  
  "@babel/plugin-transform-destructuring@^7.10.4":
    version "7.10.4"
    resolved "https://registry.yarnpkg.com/@babel/plugin-transform-destructuring/-/plugin-transform-destructuring-7.10.4.tgz#70ddd2b3d1bea83d01509e9bb25ddb3a74fc85e5"
    integrity sha512-+WmfvyfsyF603iPa6825mq6Qrb7uLjTOsa3XOFzlYcYDHSS4QmpOWOL0NNBY5qMbvrcf3tq0Cw+v4lxswOBpgA==
    dependencies:
      "@babel/helper-plugin-utils" "^7.10.4"
  
  "@babel/plugin-transform-dotall-regex@^7.10.4":
    version "7.10.4"
    resolved "https://registry.yarnpkg.com/@babel/plugin-transform-dotall-regex/-/plugin-transform-dotall-regex-7.10.4.tgz#469c2062105c1eb6a040eaf4fac4b488078395ee"
    integrity sha512-ZEAVvUTCMlMFAbASYSVQoxIbHm2OkG2MseW6bV2JjIygOjdVv8tuxrCTzj1+Rynh7ODb8GivUy7dzEXzEhuPaA==
    dependencies:
      "@babel/helper-create-regexp-features-plugin" "^7.10.4"
      "@babel/helper-plugin-utils" "^7.10.4"
  
  "@babel/plugin-transform-dotall-regex@^7.4.4":
    version "7.10.1"
    resolved "https://registry.yarnpkg.com/@babel/plugin-transform-dotall-regex/-/plugin-transform-dotall-regex-7.10.1.tgz#920b9fec2d78bb57ebb64a644d5c2ba67cc104ee"
    integrity sha512-19VIMsD1dp02RvduFUmfzj8uknaO3uiHHF0s3E1OHnVsNj8oge8EQ5RzHRbJjGSetRnkEuBYO7TG1M5kKjGLOA==
    dependencies:
      "@babel/helper-create-regexp-features-plugin" "^7.10.1"
      "@babel/helper-plugin-utils" "^7.10.1"
  
  "@babel/plugin-transform-duplicate-keys@^7.10.4":
    version "7.10.4"
    resolved "https://registry.yarnpkg.com/@babel/plugin-transform-duplicate-keys/-/plugin-transform-duplicate-keys-7.10.4.tgz#697e50c9fee14380fe843d1f306b295617431e47"
    integrity sha512-GL0/fJnmgMclHiBTTWXNlYjYsA7rDrtsazHG6mglaGSTh0KsrW04qml+Bbz9FL0LcJIRwBWL5ZqlNHKTkU3xAA==
    dependencies:
      "@babel/helper-plugin-utils" "^7.10.4"
  
  "@babel/plugin-transform-exponentiation-operator@^7.10.4":
    version "7.10.4"
    resolved "https://registry.yarnpkg.com/@babel/plugin-transform-exponentiation-operator/-/plugin-transform-exponentiation-operator-7.10.4.tgz#5ae338c57f8cf4001bdb35607ae66b92d665af2e"
    integrity sha512-S5HgLVgkBcRdyQAHbKj+7KyuWx8C6t5oETmUuwz1pt3WTWJhsUV0WIIXuVvfXMxl/QQyHKlSCNNtaIamG8fysw==
    dependencies:
      "@babel/helper-builder-binary-assignment-operator-visitor" "^7.10.4"
      "@babel/helper-plugin-utils" "^7.10.4"
  
  "@babel/plugin-transform-for-of@^7.10.4":
    version "7.10.4"
    resolved "https://registry.yarnpkg.com/@babel/plugin-transform-for-of/-/plugin-transform-for-of-7.10.4.tgz#c08892e8819d3a5db29031b115af511dbbfebae9"
    integrity sha512-ItdQfAzu9AlEqmusA/65TqJ79eRcgGmpPPFvBnGILXZH975G0LNjP1yjHvGgfuCxqrPPueXOPe+FsvxmxKiHHQ==
    dependencies:
      "@babel/helper-plugin-utils" "^7.10.4"
  
  "@babel/plugin-transform-function-name@^7.10.4":
    version "7.10.4"
    resolved "https://registry.yarnpkg.com/@babel/plugin-transform-function-name/-/plugin-transform-function-name-7.10.4.tgz#6a467880e0fc9638514ba369111811ddbe2644b7"
    integrity sha512-OcDCq2y5+E0dVD5MagT5X+yTRbcvFjDI2ZVAottGH6tzqjx/LKpgkUepu3hp/u4tZBzxxpNGwLsAvGBvQ2mJzg==
    dependencies:
      "@babel/helper-function-name" "^7.10.4"
      "@babel/helper-plugin-utils" "^7.10.4"
  
  "@babel/plugin-transform-literals@^7.10.4":
    version "7.10.4"
    resolved "https://registry.yarnpkg.com/@babel/plugin-transform-literals/-/plugin-transform-literals-7.10.4.tgz#9f42ba0841100a135f22712d0e391c462f571f3c"
    integrity sha512-Xd/dFSTEVuUWnyZiMu76/InZxLTYilOSr1UlHV+p115Z/Le2Fi1KXkJUYz0b42DfndostYlPub3m8ZTQlMaiqQ==
    dependencies:
      "@babel/helper-plugin-utils" "^7.10.4"
  
  "@babel/plugin-transform-member-expression-literals@^7.10.4":
    version "7.10.4"
    resolved "https://registry.yarnpkg.com/@babel/plugin-transform-member-expression-literals/-/plugin-transform-member-expression-literals-7.10.4.tgz#b1ec44fcf195afcb8db2c62cd8e551c881baf8b7"
    integrity sha512-0bFOvPyAoTBhtcJLr9VcwZqKmSjFml1iVxvPL0ReomGU53CX53HsM4h2SzckNdkQcHox1bpAqzxBI1Y09LlBSw==
    dependencies:
      "@babel/helper-plugin-utils" "^7.10.4"
  
  "@babel/plugin-transform-modules-amd@^7.10.4":
    version "7.10.4"
    resolved "https://registry.yarnpkg.com/@babel/plugin-transform-modules-amd/-/plugin-transform-modules-amd-7.10.4.tgz#cb407c68b862e4c1d13a2fc738c7ec5ed75fc520"
    integrity sha512-3Fw+H3WLUrTlzi3zMiZWp3AR4xadAEMv6XRCYnd5jAlLM61Rn+CRJaZMaNvIpcJpQ3vs1kyifYvEVPFfoSkKOA==
    dependencies:
      "@babel/helper-module-transforms" "^7.10.4"
      "@babel/helper-plugin-utils" "^7.10.4"
      babel-plugin-dynamic-import-node "^2.3.3"
  
  "@babel/plugin-transform-modules-commonjs@^7.10.4":
    version "7.10.4"
    resolved "https://registry.yarnpkg.com/@babel/plugin-transform-modules-commonjs/-/plugin-transform-modules-commonjs-7.10.4.tgz#66667c3eeda1ebf7896d41f1f16b17105a2fbca0"
    integrity sha512-Xj7Uq5o80HDLlW64rVfDBhao6OX89HKUmb+9vWYaLXBZOma4gA6tw4Ni1O5qVDoZWUV0fxMYA0aYzOawz0l+1w==
    dependencies:
      "@babel/helper-module-transforms" "^7.10.4"
      "@babel/helper-plugin-utils" "^7.10.4"
      "@babel/helper-simple-access" "^7.10.4"
      babel-plugin-dynamic-import-node "^2.3.3"
  
  "@babel/plugin-transform-modules-systemjs@^7.10.4":
    version "7.10.4"
    resolved "https://registry.yarnpkg.com/@babel/plugin-transform-modules-systemjs/-/plugin-transform-modules-systemjs-7.10.4.tgz#8f576afd943ac2f789b35ded0a6312f929c633f9"
    integrity sha512-Tb28LlfxrTiOTGtZFsvkjpyjCl9IoaRI52AEU/VIwOwvDQWtbNJsAqTXzh+5R7i74e/OZHH2c2w2fsOqAfnQYQ==
    dependencies:
      "@babel/helper-hoist-variables" "^7.10.4"
      "@babel/helper-module-transforms" "^7.10.4"
      "@babel/helper-plugin-utils" "^7.10.4"
      babel-plugin-dynamic-import-node "^2.3.3"
  
  "@babel/plugin-transform-modules-umd@^7.10.4":
    version "7.10.4"
    resolved "https://registry.yarnpkg.com/@babel/plugin-transform-modules-umd/-/plugin-transform-modules-umd-7.10.4.tgz#9a8481fe81b824654b3a0b65da3df89f3d21839e"
    integrity sha512-mohW5q3uAEt8T45YT7Qc5ws6mWgJAaL/8BfWD9Dodo1A3RKWli8wTS+WiQ/knF+tXlPirW/1/MqzzGfCExKECA==
    dependencies:
      "@babel/helper-module-transforms" "^7.10.4"
      "@babel/helper-plugin-utils" "^7.10.4"
  
  "@babel/plugin-transform-named-capturing-groups-regex@^7.10.4":
    version "7.10.4"
    resolved "https://registry.yarnpkg.com/@babel/plugin-transform-named-capturing-groups-regex/-/plugin-transform-named-capturing-groups-regex-7.10.4.tgz#78b4d978810b6f3bcf03f9e318f2fc0ed41aecb6"
    integrity sha512-V6LuOnD31kTkxQPhKiVYzYC/Jgdq53irJC/xBSmqcNcqFGV+PER4l6rU5SH2Vl7bH9mLDHcc0+l9HUOe4RNGKA==
    dependencies:
      "@babel/helper-create-regexp-features-plugin" "^7.10.4"
  
  "@babel/plugin-transform-new-target@^7.10.4":
    version "7.10.4"
    resolved "https://registry.yarnpkg.com/@babel/plugin-transform-new-target/-/plugin-transform-new-target-7.10.4.tgz#9097d753cb7b024cb7381a3b2e52e9513a9c6888"
    integrity sha512-YXwWUDAH/J6dlfwqlWsztI2Puz1NtUAubXhOPLQ5gjR/qmQ5U96DY4FQO8At33JN4XPBhrjB8I4eMmLROjjLjw==
    dependencies:
      "@babel/helper-plugin-utils" "^7.10.4"
  
  "@babel/plugin-transform-object-super@^7.10.4":
    version "7.10.4"
    resolved "https://registry.yarnpkg.com/@babel/plugin-transform-object-super/-/plugin-transform-object-super-7.10.4.tgz#d7146c4d139433e7a6526f888c667e314a093894"
    integrity sha512-5iTw0JkdRdJvr7sY0vHqTpnruUpTea32JHmq/atIWqsnNussbRzjEDyWep8UNztt1B5IusBYg8Irb0bLbiEBCQ==
    dependencies:
      "@babel/helper-plugin-utils" "^7.10.4"
      "@babel/helper-replace-supers" "^7.10.4"
  
  "@babel/plugin-transform-parameters@^7.10.4":
    version "7.10.4"
    resolved "https://registry.yarnpkg.com/@babel/plugin-transform-parameters/-/plugin-transform-parameters-7.10.4.tgz#7b4d137c87ea7adc2a0f3ebf53266871daa6fced"
    integrity sha512-RurVtZ/D5nYfEg0iVERXYKEgDFeesHrHfx8RT05Sq57ucj2eOYAP6eu5fynL4Adju4I/mP/I6SO0DqNWAXjfLQ==
    dependencies:
      "@babel/helper-get-function-arity" "^7.10.4"
      "@babel/helper-plugin-utils" "^7.10.4"
  
  "@babel/plugin-transform-property-literals@^7.10.4":
    version "7.10.4"
    resolved "https://registry.yarnpkg.com/@babel/plugin-transform-property-literals/-/plugin-transform-property-literals-7.10.4.tgz#f6fe54b6590352298785b83edd815d214c42e3c0"
    integrity sha512-ofsAcKiUxQ8TY4sScgsGeR2vJIsfrzqvFb9GvJ5UdXDzl+MyYCaBj/FGzXuv7qE0aJcjWMILny1epqelnFlz8g==
    dependencies:
      "@babel/helper-plugin-utils" "^7.10.4"
  
  "@babel/plugin-transform-regenerator@^7.10.4":
    version "7.10.4"
    resolved "https://registry.yarnpkg.com/@babel/plugin-transform-regenerator/-/plugin-transform-regenerator-7.10.4.tgz#2015e59d839074e76838de2159db421966fd8b63"
    integrity sha512-3thAHwtor39A7C04XucbMg17RcZ3Qppfxr22wYzZNcVIkPHfpM9J0SO8zuCV6SZa265kxBJSrfKTvDCYqBFXGw==
    dependencies:
      regenerator-transform "^0.14.2"
  
  "@babel/plugin-transform-reserved-words@^7.10.4":
    version "7.10.4"
    resolved "https://registry.yarnpkg.com/@babel/plugin-transform-reserved-words/-/plugin-transform-reserved-words-7.10.4.tgz#8f2682bcdcef9ed327e1b0861585d7013f8a54dd"
    integrity sha512-hGsw1O6Rew1fkFbDImZIEqA8GoidwTAilwCyWqLBM9f+e/u/sQMQu7uX6dyokfOayRuuVfKOW4O7HvaBWM+JlQ==
    dependencies:
      "@babel/helper-plugin-utils" "^7.10.4"
  
  "@babel/plugin-transform-runtime@^7.10.3":
    version "7.10.4"
    resolved "https://registry.yarnpkg.com/@babel/plugin-transform-runtime/-/plugin-transform-runtime-7.10.4.tgz#594fb53453ea1b6f0779cceb48ce0718a447feb7"
    integrity sha512-8ULlGv8p+Vuxu+kz2Y1dk6MYS2b/Dki+NO6/0ZlfSj5tMalfDL7jI/o/2a+rrWLqSXvnadEqc2WguB4gdQIxZw==
    dependencies:
      "@babel/helper-module-imports" "^7.10.4"
      "@babel/helper-plugin-utils" "^7.10.4"
      resolve "^1.8.1"
      semver "^5.5.1"
  
  "@babel/plugin-transform-shorthand-properties@^7.10.4":
    version "7.10.4"
    resolved "https://registry.yarnpkg.com/@babel/plugin-transform-shorthand-properties/-/plugin-transform-shorthand-properties-7.10.4.tgz#9fd25ec5cdd555bb7f473e5e6ee1c971eede4dd6"
    integrity sha512-AC2K/t7o07KeTIxMoHneyX90v3zkm5cjHJEokrPEAGEy3UCp8sLKfnfOIGdZ194fyN4wfX/zZUWT9trJZ0qc+Q==
    dependencies:
      "@babel/helper-plugin-utils" "^7.10.4"
  
  "@babel/plugin-transform-spread@^7.10.4":
    version "7.10.4"
    resolved "https://registry.yarnpkg.com/@babel/plugin-transform-spread/-/plugin-transform-spread-7.10.4.tgz#4e2c85ea0d6abaee1b24dcfbbae426fe8d674cff"
    integrity sha512-1e/51G/Ni+7uH5gktbWv+eCED9pP8ZpRhZB3jOaI3mmzfvJTWHkuyYTv0Z5PYtyM+Tr2Ccr9kUdQxn60fI5WuQ==
    dependencies:
      "@babel/helper-plugin-utils" "^7.10.4"
  
  "@babel/plugin-transform-sticky-regex@^7.10.4":
    version "7.10.4"
    resolved "https://registry.yarnpkg.com/@babel/plugin-transform-sticky-regex/-/plugin-transform-sticky-regex-7.10.4.tgz#8f3889ee8657581130a29d9cc91d7c73b7c4a28d"
    integrity sha512-Ddy3QZfIbEV0VYcVtFDCjeE4xwVTJWTmUtorAJkn6u/92Z/nWJNV+mILyqHKrUxXYKA2EoCilgoPePymKL4DvQ==
    dependencies:
      "@babel/helper-plugin-utils" "^7.10.4"
      "@babel/helper-regex" "^7.10.4"
  
  "@babel/plugin-transform-template-literals@^7.10.4":
    version "7.10.4"
    resolved "https://registry.yarnpkg.com/@babel/plugin-transform-template-literals/-/plugin-transform-template-literals-7.10.4.tgz#e6375407b30fcb7fcfdbba3bb98ef3e9d36df7bc"
    integrity sha512-4NErciJkAYe+xI5cqfS8pV/0ntlY5N5Ske/4ImxAVX7mk9Rxt2bwDTGv1Msc2BRJvWQcmYEC+yoMLdX22aE4VQ==
    dependencies:
      "@babel/helper-annotate-as-pure" "^7.10.4"
      "@babel/helper-plugin-utils" "^7.10.4"
  
  "@babel/plugin-transform-typeof-symbol@^7.10.4":
    version "7.10.4"
    resolved "https://registry.yarnpkg.com/@babel/plugin-transform-typeof-symbol/-/plugin-transform-typeof-symbol-7.10.4.tgz#9509f1a7eec31c4edbffe137c16cc33ff0bc5bfc"
    integrity sha512-QqNgYwuuW0y0H+kUE/GWSR45t/ccRhe14Fs/4ZRouNNQsyd4o3PG4OtHiIrepbM2WKUBDAXKCAK/Lk4VhzTaGA==
    dependencies:
      "@babel/helper-plugin-utils" "^7.10.4"
  
  "@babel/plugin-transform-unicode-escapes@^7.10.4":
    version "7.10.4"
    resolved "https://registry.yarnpkg.com/@babel/plugin-transform-unicode-escapes/-/plugin-transform-unicode-escapes-7.10.4.tgz#feae523391c7651ddac115dae0a9d06857892007"
    integrity sha512-y5XJ9waMti2J+e7ij20e+aH+fho7Wb7W8rNuu72aKRwCHFqQdhkdU2lo3uZ9tQuboEJcUFayXdARhcxLQ3+6Fg==
    dependencies:
      "@babel/helper-plugin-utils" "^7.10.4"
  
  "@babel/plugin-transform-unicode-regex@^7.10.4":
    version "7.10.4"
    resolved "https://registry.yarnpkg.com/@babel/plugin-transform-unicode-regex/-/plugin-transform-unicode-regex-7.10.4.tgz#e56d71f9282fac6db09c82742055576d5e6d80a8"
    integrity sha512-wNfsc4s8N2qnIwpO/WP2ZiSyjfpTamT2C9V9FDH/Ljub9zw6P3SjkXcFmc0RQUt96k2fmIvtla2MMjgTwIAC+A==
    dependencies:
      "@babel/helper-create-regexp-features-plugin" "^7.10.4"
      "@babel/helper-plugin-utils" "^7.10.4"
  
  "@babel/preset-env@^7.10.3":
    version "7.10.4"
    resolved "https://registry.yarnpkg.com/@babel/preset-env/-/preset-env-7.10.4.tgz#fbf57f9a803afd97f4f32e4f798bb62e4b2bef5f"
    integrity sha512-tcmuQ6vupfMZPrLrc38d0sF2OjLT3/bZ0dry5HchNCQbrokoQi4reXqclvkkAT5b+gWc23meVWpve5P/7+w/zw==
    dependencies:
      "@babel/compat-data" "^7.10.4"
      "@babel/helper-compilation-targets" "^7.10.4"
      "@babel/helper-module-imports" "^7.10.4"
      "@babel/helper-plugin-utils" "^7.10.4"
      "@babel/plugin-proposal-async-generator-functions" "^7.10.4"
      "@babel/plugin-proposal-class-properties" "^7.10.4"
      "@babel/plugin-proposal-dynamic-import" "^7.10.4"
      "@babel/plugin-proposal-json-strings" "^7.10.4"
      "@babel/plugin-proposal-nullish-coalescing-operator" "^7.10.4"
      "@babel/plugin-proposal-numeric-separator" "^7.10.4"
      "@babel/plugin-proposal-object-rest-spread" "^7.10.4"
      "@babel/plugin-proposal-optional-catch-binding" "^7.10.4"
      "@babel/plugin-proposal-optional-chaining" "^7.10.4"
      "@babel/plugin-proposal-private-methods" "^7.10.4"
      "@babel/plugin-proposal-unicode-property-regex" "^7.10.4"
      "@babel/plugin-syntax-async-generators" "^7.8.0"
      "@babel/plugin-syntax-class-properties" "^7.10.4"
      "@babel/plugin-syntax-dynamic-import" "^7.8.0"
      "@babel/plugin-syntax-json-strings" "^7.8.0"
      "@babel/plugin-syntax-nullish-coalescing-operator" "^7.8.0"
      "@babel/plugin-syntax-numeric-separator" "^7.10.4"
      "@babel/plugin-syntax-object-rest-spread" "^7.8.0"
      "@babel/plugin-syntax-optional-catch-binding" "^7.8.0"
      "@babel/plugin-syntax-optional-chaining" "^7.8.0"
      "@babel/plugin-syntax-top-level-await" "^7.10.4"
      "@babel/plugin-transform-arrow-functions" "^7.10.4"
      "@babel/plugin-transform-async-to-generator" "^7.10.4"
      "@babel/plugin-transform-block-scoped-functions" "^7.10.4"
      "@babel/plugin-transform-block-scoping" "^7.10.4"
      "@babel/plugin-transform-classes" "^7.10.4"
      "@babel/plugin-transform-computed-properties" "^7.10.4"
      "@babel/plugin-transform-destructuring" "^7.10.4"
      "@babel/plugin-transform-dotall-regex" "^7.10.4"
      "@babel/plugin-transform-duplicate-keys" "^7.10.4"
      "@babel/plugin-transform-exponentiation-operator" "^7.10.4"
      "@babel/plugin-transform-for-of" "^7.10.4"
      "@babel/plugin-transform-function-name" "^7.10.4"
      "@babel/plugin-transform-literals" "^7.10.4"
      "@babel/plugin-transform-member-expression-literals" "^7.10.4"
      "@babel/plugin-transform-modules-amd" "^7.10.4"
      "@babel/plugin-transform-modules-commonjs" "^7.10.4"
      "@babel/plugin-transform-modules-systemjs" "^7.10.4"
      "@babel/plugin-transform-modules-umd" "^7.10.4"
      "@babel/plugin-transform-named-capturing-groups-regex" "^7.10.4"
      "@babel/plugin-transform-new-target" "^7.10.4"
      "@babel/plugin-transform-object-super" "^7.10.4"
      "@babel/plugin-transform-parameters" "^7.10.4"
      "@babel/plugin-transform-property-literals" "^7.10.4"
      "@babel/plugin-transform-regenerator" "^7.10.4"
      "@babel/plugin-transform-reserved-words" "^7.10.4"
      "@babel/plugin-transform-shorthand-properties" "^7.10.4"
      "@babel/plugin-transform-spread" "^7.10.4"
      "@babel/plugin-transform-sticky-regex" "^7.10.4"
      "@babel/plugin-transform-template-literals" "^7.10.4"
      "@babel/plugin-transform-typeof-symbol" "^7.10.4"
      "@babel/plugin-transform-unicode-escapes" "^7.10.4"
      "@babel/plugin-transform-unicode-regex" "^7.10.4"
      "@babel/preset-modules" "^0.1.3"
      "@babel/types" "^7.10.4"
      browserslist "^4.12.0"
      core-js-compat "^3.6.2"
      invariant "^2.2.2"
      levenary "^1.1.1"
      semver "^5.5.0"
  
  "@babel/preset-modules@^0.1.3":
    version "0.1.3"
    resolved "https://registry.yarnpkg.com/@babel/preset-modules/-/preset-modules-0.1.3.tgz#13242b53b5ef8c883c3cf7dddd55b36ce80fbc72"
    integrity sha512-Ra3JXOHBq2xd56xSF7lMKXdjBn3T772Y1Wet3yWnkDly9zHvJki029tAFzvAAK5cf4YV3yoxuP61crYRol6SVg==
    dependencies:
      "@babel/helper-plugin-utils" "^7.0.0"
      "@babel/plugin-proposal-unicode-property-regex" "^7.4.4"
      "@babel/plugin-transform-dotall-regex" "^7.4.4"
      "@babel/types" "^7.4.4"
      esutils "^2.0.2"
  
  "@babel/runtime@^7.8.4":
    version "7.10.2"
    resolved "https://registry.yarnpkg.com/@babel/runtime/-/runtime-7.10.2.tgz#d103f21f2602497d38348a32e008637d506db839"
    integrity sha512-6sF3uQw2ivImfVIl62RZ7MXhO2tap69WeWK57vAaimT6AZbE4FbqjdEJIN1UqoD6wI6B+1n9UiagafH1sxjOtg==
    dependencies:
      regenerator-runtime "^0.13.4"
  
  "@babel/template@^7.10.4":
    version "7.10.4"
    resolved "https://registry.yarnpkg.com/@babel/template/-/template-7.10.4.tgz#3251996c4200ebc71d1a8fc405fba940f36ba278"
    integrity sha512-ZCjD27cGJFUB6nmCB1Enki3r+L5kJveX9pq1SvAUKoICy6CZ9yD8xO086YXdYhvNjBdnekm4ZnaP5yC8Cs/1tA==
    dependencies:
      "@babel/code-frame" "^7.10.4"
      "@babel/parser" "^7.10.4"
      "@babel/types" "^7.10.4"
  
  "@babel/traverse@^7.10.4":
    version "7.10.4"
    resolved "https://registry.yarnpkg.com/@babel/traverse/-/traverse-7.10.4.tgz#e642e5395a3b09cc95c8e74a27432b484b697818"
    integrity sha512-aSy7p5THgSYm4YyxNGz6jZpXf+Ok40QF3aA2LyIONkDHpAcJzDUqlCKXv6peqYUs2gmic849C/t2HKw2a2K20Q==
    dependencies:
      "@babel/code-frame" "^7.10.4"
      "@babel/generator" "^7.10.4"
      "@babel/helper-function-name" "^7.10.4"
      "@babel/helper-split-export-declaration" "^7.10.4"
      "@babel/parser" "^7.10.4"
      "@babel/types" "^7.10.4"
      debug "^4.1.0"
      globals "^11.1.0"
      lodash "^4.17.13"
  
  "@babel/types@^7.10.1", "@babel/types@^7.4.4":
    version "7.10.2"
    resolved "https://registry.yarnpkg.com/@babel/types/-/types-7.10.2.tgz#30283be31cad0dbf6fb00bd40641ca0ea675172d"
    integrity sha512-AD3AwWBSz0AWF0AkCN9VPiWrvldXq+/e3cHa4J89vo4ymjz1XwrBFFVZmkJTsQIPNk+ZVomPSXUJqq8yyjZsng==
    dependencies:
      "@babel/helper-validator-identifier" "^7.10.1"
      lodash "^4.17.13"
      to-fast-properties "^2.0.0"
  
  "@babel/types@^7.10.4":
    version "7.10.4"
    resolved "https://registry.yarnpkg.com/@babel/types/-/types-7.10.4.tgz#369517188352e18219981efd156bfdb199fff1ee"
    integrity sha512-UTCFOxC3FsFHb7lkRMVvgLzaRVamXuAs2Tz4wajva4WxtVY82eZeaUBtC2Zt95FU9TiznuC0Zk35tsim8jeVpg==
    dependencies:
      "@babel/helper-validator-identifier" "^7.10.4"
      lodash "^4.17.13"
      to-fast-properties "^2.0.0"
  
  ansi-styles@^3.2.1:
    version "3.2.1"
    resolved "https://registry.yarnpkg.com/ansi-styles/-/ansi-styles-3.2.1.tgz#41fbb20243e50b12be0f04b8dedbf07520ce841d"
    integrity sha512-VT0ZI6kZRdTh8YyJw3SMbYm/u+NqfsAxEpWO0Pf9sq8/e94WxxOpPKx9FR1FlyCtOVDNOQ+8ntlqFxiRc+r5qA==
    dependencies:
      color-convert "^1.9.0"
  
  anymatch@~3.1.1:
    version "3.1.1"
    resolved "https://registry.yarnpkg.com/anymatch/-/anymatch-3.1.1.tgz#c55ecf02185e2469259399310c173ce31233b142"
    integrity sha512-mM8522psRCqzV+6LhomX5wgp25YVibjh8Wj23I5RPkPppSVSjyKD2A2mBJmWGa+KN7f2D6LNh9jkBCeyLktzjg==
    dependencies:
      normalize-path "^3.0.0"
      picomatch "^2.0.4"
  
  autoprefixer@^9.8.4:
    version "9.8.4"
    resolved "https://registry.yarnpkg.com/autoprefixer/-/autoprefixer-9.8.4.tgz#736f1012673a70fa3464671d78d41abd54512863"
    integrity sha512-84aYfXlpUe45lvmS+HoAWKCkirI/sw4JK0/bTeeqgHYco3dcsOn0NqdejISjptsYwNji/21dnkDri9PsYKk89A==
    dependencies:
      browserslist "^4.12.0"
      caniuse-lite "^1.0.30001087"
      colorette "^1.2.0"
      normalize-range "^0.1.2"
      num2fraction "^1.2.2"
      postcss "^7.0.32"
      postcss-value-parser "^4.1.0"
  
  babel-plugin-dynamic-import-node@^2.3.3:
    version "2.3.3"
    resolved "https://registry.yarnpkg.com/babel-plugin-dynamic-import-node/-/babel-plugin-dynamic-import-node-2.3.3.tgz#84fda19c976ec5c6defef57f9427b3def66e17a3"
    integrity sha512-jZVI+s9Zg3IqA/kdi0i6UDCybUI3aSBLnglhYbSSjKlV7yF1F/5LWv8MakQmvYpnbJDS6fcBL2KzHSxNCMtWSQ==
    dependencies:
      object.assign "^4.1.0"
  
  binary-extensions@^2.0.0:
    version "2.0.0"
    resolved "https://registry.yarnpkg.com/binary-extensions/-/binary-extensions-2.0.0.tgz#23c0df14f6a88077f5f986c0d167ec03c3d5537c"
    integrity sha512-Phlt0plgpIIBOGTT/ehfFnbNlfsDEiqmzE2KRXoX1bLIlir4X/MR+zSyBEkL05ffWgnRSf/DXv+WrUAVr93/ow==
  
  braces@~3.0.2:
    version "3.0.2"
    resolved "https://registry.yarnpkg.com/braces/-/braces-3.0.2.tgz#3454e1a462ee8d599e236df336cd9ea4f8afe107"
    integrity sha512-b8um+L1RzM3WDSzvhm6gIz1yfTbBt6YTlcEKAvsmqCZZFw46z626lVj9j1yEPW33H5H+lBQpZMP1k8l+78Ha0A==
    dependencies:
      fill-range "^7.0.1"
  
  browserslist@^4.12.0, browserslist@^4.8.5:
    version "4.12.0"
    resolved "https://registry.yarnpkg.com/browserslist/-/browserslist-4.12.0.tgz#06c6d5715a1ede6c51fc39ff67fd647f740b656d"
    integrity sha512-UH2GkcEDSI0k/lRkuDSzFl9ZZ87skSy9w2XAn1MsZnL+4c4rqbBd3e82UWHbYDpztABrPBhZsTEeuxVfHppqDg==
    dependencies:
      caniuse-lite "^1.0.30001043"
      electron-to-chromium "^1.3.413"
      node-releases "^1.1.53"
      pkg-up "^2.0.0"
  
  caniuse-lite@^1.0.30001043:
    version "1.0.30001066"
    resolved "https://registry.yarnpkg.com/caniuse-lite/-/caniuse-lite-1.0.30001066.tgz#0a8a58a10108f2b9bf38e7b65c237b12fd9c5f04"
    integrity sha512-Gfj/WAastBtfxLws0RCh2sDbTK/8rJuSeZMecrSkNGYxPcv7EzblmDGfWQCFEQcSqYE2BRgQiJh8HOD07N5hIw==
  
  caniuse-lite@^1.0.30001087:
    version "1.0.30001093"
    resolved "https://registry.yarnpkg.com/caniuse-lite/-/caniuse-lite-1.0.30001093.tgz#833e80f64b1a0455cbceed2a4a3baf19e4abd312"
    integrity sha512-0+ODNoOjtWD5eS9aaIpf4K0gQqZfILNY4WSNuYzeT1sXni+lMrrVjc0odEobJt6wrODofDZUX8XYi/5y7+xl8g==
  
  chalk@^2.0.0, chalk@^2.4.2:
    version "2.4.2"
    resolved "https://registry.yarnpkg.com/chalk/-/chalk-2.4.2.tgz#cd42541677a54333cf541a49108c1432b44c9424"
    integrity sha512-Mti+f9lpJNcwF4tWV8/OrTTtF1gZi+f8FqlyAdouralcFWFQWF2+NgCHShjkCb+IFBLq9buZwE1xckQU4peSuQ==
    dependencies:
      ansi-styles "^3.2.1"
      escape-string-regexp "^1.0.5"
      supports-color "^5.3.0"
  
  "chokidar@>=2.0.0 <4.0.0":
    version "3.4.0"
    resolved "https://registry.yarnpkg.com/chokidar/-/chokidar-3.4.0.tgz#b30611423ce376357c765b9b8f904b9fba3c0be8"
    integrity sha512-aXAaho2VJtisB/1fg1+3nlLJqGOuewTzQpd/Tz0yTg2R0e4IGtshYvtjowyEumcBv2z+y4+kc75Mz7j5xJskcQ==
    dependencies:
      anymatch "~3.1.1"
      braces "~3.0.2"
      glob-parent "~5.1.0"
      is-binary-path "~2.1.0"
      is-glob "~4.0.1"
      normalize-path "~3.0.0"
      readdirp "~3.4.0"
    optionalDependencies:
      fsevents "~2.1.2"
  
  color-convert@^1.9.0:
    version "1.9.3"
    resolved "https://registry.yarnpkg.com/color-convert/-/color-convert-1.9.3.tgz#bb71850690e1f136567de629d2d5471deda4c1e8"
    integrity sha512-QfAUtd+vFdAtFQcC8CCyYt1fYWxSqAiK2cSD6zDB8N3cpsEBAvRxp9zOGg6G/SHHJYAT88/az/IuDGALsNVbGg==
    dependencies:
      color-name "1.1.3"
  
  color-name@1.1.3:
    version "1.1.3"
    resolved "https://registry.yarnpkg.com/color-name/-/color-name-1.1.3.tgz#a7d0558bd89c42f795dd42328f740831ca53bc25"
    integrity sha1-p9BVi9icQveV3UIyj3QIMcpTvCU=
  
  colorette@^1.2.0:
    version "1.2.0"
    resolved "https://registry.yarnpkg.com/colorette/-/colorette-1.2.0.tgz#45306add826d196e8c87236ac05d797f25982e63"
    integrity sha512-soRSroY+OF/8OdA3PTQXwaDJeMc7TfknKKrxeSCencL2a4+Tx5zhxmmv7hdpCjhKBjehzp8+bwe/T68K0hpIjw==
  
  convert-source-map@^1.7.0:
    version "1.7.0"
    resolved "https://registry.yarnpkg.com/convert-source-map/-/convert-source-map-1.7.0.tgz#17a2cb882d7f77d3490585e2ce6c524424a3a442"
    integrity sha512-4FJkXzKXEDB1snCFZlLP4gpC3JILicCpGbzG9f9G7tGqGCzETQ2hWPrcinA9oU4wtf2biUaEH5065UnMeR33oA==
    dependencies:
      safe-buffer "~5.1.1"
  
  core-js-compat@^3.6.2:
    version "3.6.5"
    resolved "https://registry.yarnpkg.com/core-js-compat/-/core-js-compat-3.6.5.tgz#2a51d9a4e25dfd6e690251aa81f99e3c05481f1c"
    integrity sha512-7ItTKOhOZbznhXAQ2g/slGg1PJV5zDO/WdkTwi7UEOJmkvsE32PWvx6mKtDjiMpjnR2CNf6BAD6sSxIlv7ptng==
    dependencies:
      browserslist "^4.8.5"
      semver "7.0.0"
  
  debug@^4.1.0:
    version "4.1.1"
    resolved "https://registry.yarnpkg.com/debug/-/debug-4.1.1.tgz#3b72260255109c6b589cee050f1d516139664791"
    integrity sha512-pYAIzeRo8J6KPEaJ0VWOh5Pzkbw/RetuzehGM7QRRX5he4fPHx2rdKMB256ehJCkX+XRQm16eZLqLNS8RSZXZw==
    dependencies:
      ms "^2.1.1"
  
  define-properties@^1.1.2:
    version "1.1.3"
    resolved "https://registry.yarnpkg.com/define-properties/-/define-properties-1.1.3.tgz#cf88da6cbee26fe6db7094f61d870cbd84cee9f1"
    integrity sha512-3MqfYKj2lLzdMSf8ZIZE/V+Zuy+BgD6f164e8K2w7dgnpKArBDerGYpM46IYYcjnkdPNMjPk9A6VFB8+3SKlXQ==
    dependencies:
      object-keys "^1.0.12"
  
  electron-to-chromium@^1.3.413:
    version "1.3.455"
    resolved "https://registry.yarnpkg.com/electron-to-chromium/-/electron-to-chromium-1.3.455.tgz#fd65a3f5db6ffa83eb7c84f16ea9b1b7396f537d"
    integrity sha512-4lwnxp+ArqOX9hiLwLpwhfqvwzUHFuDgLz4NTiU3lhygUzWtocIJ/5Vix+mWVNE2HQ9aI1k2ncGe5H/0OktMvA==
  
  email.min.js@^1.2.3-0:
    version "1.2.3-0"
    resolved "https://registry.yarnpkg.com/email.min.js/-/email.min.js-1.2.3-0.tgz#309721b055811ffacfc7ed1df71e1de24365f571"
    integrity sha512-bnD2KknhefX75tORxfJhMlHd1icQWvoe4GKtTTNUHn3HZYlZKepCIKRM8h+9B/wjxa3C0Tw7JqFIZw5E/F0VwQ==
  
  emailjs-com@^2.4.1:
    version "2.4.1"
    resolved "https://registry.yarnpkg.com/emailjs-com/-/emailjs-com-2.4.1.tgz#a785b2c13a232714a0376938ecc13a1bfaad6e62"
    integrity sha512-JOnOm+dRv1Rc+yy+Y0QXKxYYdpbRl7C9xlOwKyTmpbCqAM6rcXRAc/D1igiPHqn1eTvCKzpeursTqfX6e7bdBw==
  
  emailjs@^3.2.1:
    version "3.2.1"
    resolved "https://registry.yarnpkg.com/emailjs/-/emailjs-3.2.1.tgz#557e1b67e8c8bc7880d9301ab87fa02c5a2d172d"
    integrity sha512-yBI6/xJqaa58DNGyurwUpyRWAzap9I6I6ZF8U/uesnsCKcpzW1uTeYg2HZb1qda0pskl8JfakSEQ1sK1eu1R5g==
  
  escape-string-regexp@^1.0.5:
    version "1.0.5"
    resolved "https://registry.yarnpkg.com/escape-string-regexp/-/escape-string-regexp-1.0.5.tgz#1b61c0562190a8dff6ae3bb2cf0200ca130b86d4"
    integrity sha1-G2HAViGQqN/2rjuyzwIAyhMLhtQ=
  
  esutils@^2.0.2:
    version "2.0.3"
    resolved "https://registry.yarnpkg.com/esutils/-/esutils-2.0.3.tgz#74d2eb4de0b8da1293711910d50775b9b710ef64"
    integrity sha512-kVscqXk4OCp68SZ0dkgEKVi6/8ij300KBWTJq32P/dYeWTSwK41WyTxalN1eRmA5Z9UU/LX9D7FWSmV9SAYx6g==
  
  fill-range@^7.0.1:
    version "7.0.1"
    resolved "https://registry.yarnpkg.com/fill-range/-/fill-range-7.0.1.tgz#1919a6a7c75fe38b2c7c77e5198535da9acdda40"
    integrity sha512-qOo9F+dMUmC2Lcb4BbVvnKJxTPjCm+RRpe4gDuGrzkL7mEVl/djYSu2OdQ2Pa302N4oqkSg9ir6jaLWJ2USVpQ==
    dependencies:
      to-regex-range "^5.0.1"
  
  find-up@^2.1.0:
    version "2.1.0"
    resolved "https://registry.yarnpkg.com/find-up/-/find-up-2.1.0.tgz#45d1b7e506c717ddd482775a2b77920a3c0c57a7"
    integrity sha1-RdG35QbHF93UgndaK3eSCjwMV6c=
    dependencies:
      locate-path "^2.0.0"
  
  flexslider@^2.7.2:
    version "2.7.2"
    resolved "https://registry.yarnpkg.com/flexslider/-/flexslider-2.7.2.tgz#c0f4d36559b86feb8a3bc7d6a5abb9aa01bcf909"
    integrity sha512-ayzD+g+zYPG+sM+LXyXbfm4gS4unLB0PGsjwIu03TeRNZ+JLQTtbV3J42VO9ooRZ9idmuWgR5s3r4hw6shS1tQ==
    dependencies:
      jquery ">=1.11.3"
  
  fsevents@~2.1.2:
    version "2.1.3"
    resolved "https://registry.yarnpkg.com/fsevents/-/fsevents-2.1.3.tgz#fb738703ae8d2f9fe900c33836ddebee8b97f23e"
    integrity sha512-Auw9a4AxqWpa9GUfj370BMPzzyncfBABW8Mab7BGWBYDj4Isgq+cDKtx0i6u9jcX9pQDnswsaaOTgTmA5pEjuQ==
  
  function-bind@^1.1.1:
    version "1.1.1"
    resolved "https://registry.yarnpkg.com/function-bind/-/function-bind-1.1.1.tgz#a56899d3ea3c9bab874bb9773b7c5ede92f4895d"
    integrity sha512-yIovAzMX49sF8Yl58fSCWJ5svSLuaibPxXQJFLmBObTuCr0Mf1KiPopGM9NiFjiYBCbfaa2Fh6breQ6ANVTI0A==
  
  gensync@^1.0.0-beta.1:
    version "1.0.0-beta.1"
    resolved "https://registry.yarnpkg.com/gensync/-/gensync-1.0.0-beta.1.tgz#58f4361ff987e5ff6e1e7a210827aa371eaac269"
    integrity sha512-r8EC6NO1sngH/zdD9fiRDLdcgnbayXah+mLgManTaIZJqEC1MZstmnox8KpnI2/fxQwrp5OpCOYWLp4rBl4Jcg==
  
  glob-parent@~5.1.0:
    version "5.1.1"
    resolved "https://registry.yarnpkg.com/glob-parent/-/glob-parent-5.1.1.tgz#b6c1ef417c4e5663ea498f1c45afac6916bbc229"
    integrity sha512-FnI+VGOpnlGHWZxthPGR+QhR78fuiK0sNLkHQv+bL9fQi57lNNdquIbna/WrfROrolq8GK5Ek6BiMwqL/voRYQ==
    dependencies:
      is-glob "^4.0.1"
  
  globals@^11.1.0:
    version "11.12.0"
    resolved "https://registry.yarnpkg.com/globals/-/globals-11.12.0.tgz#ab8795338868a0babd8525758018c2a7eb95c42e"
    integrity sha512-WOBp/EEGUiIsJSp7wcv/y6MO+lV9UoncWqxuFfm8eBwzWNgyfBd6Gz+IeKQ9jCmyhoH99g15M3T+QaVHFjizVA==
  
  has-flag@^3.0.0:
    version "3.0.0"
    resolved "https://registry.yarnpkg.com/has-flag/-/has-flag-3.0.0.tgz#b5d454dc2199ae225699f3467e5a07f3b955bafd"
    integrity sha1-tdRU3CGZriJWmfNGfloH87lVuv0=
  
  has-symbols@^1.0.0:
    version "1.0.1"
    resolved "https://registry.yarnpkg.com/has-symbols/-/has-symbols-1.0.1.tgz#9f5214758a44196c406d9bd76cebf81ec2dd31e8"
    integrity sha512-PLcsoqu++dmEIZB+6totNFKq/7Do+Z0u4oT0zKOJNl3lYK6vGwwu2hjHs+68OEZbTjiUE9bgOABXbP/GvrS0Kg==
  
  invariant@^2.2.2, invariant@^2.2.4:
    version "2.2.4"
    resolved "https://registry.yarnpkg.com/invariant/-/invariant-2.2.4.tgz#610f3c92c9359ce1db616e538008d23ff35158e6"
    integrity sha512-phJfQVBuaJM5raOpJjSfkiD6BpbCE4Ns//LaXl6wGYtUBY83nWS6Rf9tXm2e8VaK60JEjYldbPif/A2B1C2gNA==
    dependencies:
      loose-envify "^1.0.0"
  
  is-binary-path@~2.1.0:
    version "2.1.0"
    resolved "https://registry.yarnpkg.com/is-binary-path/-/is-binary-path-2.1.0.tgz#ea1f7f3b80f064236e83470f86c09c254fb45b09"
    integrity sha512-ZMERYes6pDydyuGidse7OsHxtbI7WVeUEozgR/g7rd0xUimYNlvZRE/K2MgZTjWy725IfelLeVcEM97mmtRGXw==
    dependencies:
      binary-extensions "^2.0.0"
  
  is-extglob@^2.1.1:
    version "2.1.1"
    resolved "https://registry.yarnpkg.com/is-extglob/-/is-extglob-2.1.1.tgz#a88c02535791f02ed37c76a1b9ea9773c833f8c2"
    integrity sha1-qIwCU1eR8C7TfHahueqXc8gz+MI=
  
  is-glob@^4.0.1, is-glob@~4.0.1:
    version "4.0.1"
    resolved "https://registry.yarnpkg.com/is-glob/-/is-glob-4.0.1.tgz#7567dbe9f2f5e2467bc77ab83c4a29482407a5dc"
    integrity sha512-5G0tKtBTFImOqDnLB2hG6Bp2qcKEFduo4tZu9MT/H6NQv/ghhy30o55ufafxJ/LdH79LLs2Kfrn85TLKyA7BUg==
    dependencies:
      is-extglob "^2.1.1"
  
  is-number@^7.0.0:
    version "7.0.0"
    resolved "https://registry.yarnpkg.com/is-number/-/is-number-7.0.0.tgz#7535345b896734d5f80c4d06c50955527a14f12b"
    integrity sha512-41Cifkg6e8TylSpdtTpeLVMqvSBEVzTttHvERD741+pnZ8ANv0004MRL43QKPDlK9cGvNp6NZWZUBlbGXYxxng==
  
  jquery@>=1.11.3, jquery@^3.5.1:
    version "3.5.1"
    resolved "https://registry.yarnpkg.com/jquery/-/jquery-3.5.1.tgz#d7b4d08e1bfdb86ad2f1a3d039ea17304717abb5"
    integrity sha512-XwIBPqcMn57FxfT+Go5pzySnm4KWkT1Tv7gjrpT1srtf8Weynl6R273VJ5GjkRb51IzMp5nbaPjJXMWeju2MKg==
  
  "js-tokens@^3.0.0 || ^4.0.0", js-tokens@^4.0.0:
    version "4.0.0"
    resolved "https://registry.yarnpkg.com/js-tokens/-/js-tokens-4.0.0.tgz#19203fb59991df98e3a287050d4647cdeaf32499"
    integrity sha512-RdJUflcE3cUzKiMqQgsCu06FPu9UdIJO0beYbPhHN4k6apgJtifcoCtT9bcxOpYBtpD2kCM6Sbzg4CausW/PKQ==
  
  jsesc@^2.5.1:
    version "2.5.2"
    resolved "https://registry.yarnpkg.com/jsesc/-/jsesc-2.5.2.tgz#80564d2e483dacf6e8ef209650a67df3f0c283a4"
    integrity sha512-OYu7XEzjkCQ3C5Ps3QIZsQfNpqoJyZZA99wd9aWd05NCtC5pWOkShK2mkL6HXQR6/Cy2lbNdPlZBpuQHXE63gA==
  
  jsesc@~0.5.0:
    version "0.5.0"
    resolved "https://registry.yarnpkg.com/jsesc/-/jsesc-0.5.0.tgz#e7dee66e35d6fc16f710fe91d5cf69f70f08911d"
    integrity sha1-597mbjXW/Bb3EP6R1c9p9w8IkR0=
  
  json5@^2.1.2:
    version "2.1.3"
    resolved "https://registry.yarnpkg.com/json5/-/json5-2.1.3.tgz#c9b0f7fa9233bfe5807fe66fcf3a5617ed597d43"
    integrity sha512-KXPvOm8K9IJKFM0bmdn8QXh7udDh1g/giieX0NLCaMnb4hEiVFqnop2ImTXCc5e0/oHz3LTqmHGtExn5hfMkOA==
    dependencies:
      minimist "^1.2.5"
  
  leven@^3.1.0:
    version "3.1.0"
    resolved "https://registry.yarnpkg.com/leven/-/leven-3.1.0.tgz#77891de834064cccba82ae7842bb6b14a13ed7f2"
    integrity sha512-qsda+H8jTaUaN/x5vzW2rzc+8Rw4TAQ/4KjB46IwK5VH+IlVeeeje/EoZRpiXvIqjFgK84QffqPztGI3VBLG1A==
  
  levenary@^1.1.1:
    version "1.1.1"
    resolved "https://registry.yarnpkg.com/levenary/-/levenary-1.1.1.tgz#842a9ee98d2075aa7faeedbe32679e9205f46f77"
    integrity sha512-mkAdOIt79FD6irqjYSs4rdbnlT5vRonMEvBVPVb3XmevfS8kgRXwfes0dhPdEtzTWD/1eNE/Bm/G1iRt6DcnQQ==
    dependencies:
      leven "^3.1.0"
  
  locate-path@^2.0.0:
    version "2.0.0"
    resolved "https://registry.yarnpkg.com/locate-path/-/locate-path-2.0.0.tgz#2b568b265eec944c6d9c0de9c3dbbbca0354cd8e"
    integrity sha1-K1aLJl7slExtnA3pw9u7ygNUzY4=
    dependencies:
      p-locate "^2.0.0"
      path-exists "^3.0.0"
  
  lodash@^4.17.13:
    version "4.17.15"
    resolved "https://registry.yarnpkg.com/lodash/-/lodash-4.17.15.tgz#b447f6670a0455bbfeedd11392eff330ea097548"
    integrity sha512-8xOcRHvCjnocdS5cpwXQXVzmmh5e5+saE2QGoeQmbKmRS6J3VQppPOIt0MnmE+4xlZoumy0GPG0D0MVIQbNA1A==
  
  loose-envify@^1.0.0:
    version "1.4.0"
    resolved "https://registry.yarnpkg.com/loose-envify/-/loose-envify-1.4.0.tgz#71ee51fa7be4caec1a63839f7e682d8132d30caf"
    integrity sha512-lyuxPGr/Wfhrlem2CL/UcnUc1zcqKAImBDzukY7Y5F/yQiNdko6+fRLevlw1HgMySw7f611UIY408EtxRSoK3Q==
    dependencies:
      js-tokens "^3.0.0 || ^4.0.0"
  
  minimist@^1.2.5:
    version "1.2.5"
    resolved "https://registry.yarnpkg.com/minimist/-/minimist-1.2.5.tgz#67d66014b66a6a8aaa0c083c5fd58df4e4e97602"
    integrity sha512-FM9nNUYrRBAELZQT3xeZQ7fmMOBg6nWNmJKTcgsJeaLstP/UODVpGsr5OhXhhXg6f+qtJ8uiZ+PUxkDWcgIXLw==
  
  ms@^2.1.1:
    version "2.1.2"
    resolved "https://registry.yarnpkg.com/ms/-/ms-2.1.2.tgz#d09d1f357b443f493382a8eb3ccd183872ae6009"
    integrity sha512-sGkPx+VjMtmA6MX27oA4FBFELFCZZ4S4XqeGOXCv68tT+jb3vk/RyaKWP0PTKyWtmLSM0b+adUTEvbs1PEaH2w==
  
  node-releases@^1.1.53:
    version "1.1.57"
    resolved "https://registry.yarnpkg.com/node-releases/-/node-releases-1.1.57.tgz#f6754ce225fad0611e61228df3e09232e017ea19"
    integrity sha512-ZQmnWS7adi61A9JsllJ2gdj2PauElcjnOwTp2O011iGzoakTxUsDGSe+6vD7wXbKdqhSFymC0OSx35aAMhrSdw==
  
  normalize-path@^3.0.0, normalize-path@~3.0.0:
    version "3.0.0"
    resolved "https://registry.yarnpkg.com/normalize-path/-/normalize-path-3.0.0.tgz#0dcd69ff23a1c9b11fd0978316644a0388216a65"
    integrity sha512-6eZs5Ls3WtCisHWp9S2GUy8dqkpGi4BVSz3GaqiE6ezub0512ESztXUwUB6C6IKbQkY2Pnb/mD4WYojCRwcwLA==
  
  normalize-range@^0.1.2:
    version "0.1.2"
    resolved "https://registry.yarnpkg.com/normalize-range/-/normalize-range-0.1.2.tgz#2d10c06bdfd312ea9777695a4d28439456b75942"
    integrity sha1-LRDAa9/TEuqXd2laTShDlFa3WUI=
  
  num2fraction@^1.2.2:
    version "1.2.2"
    resolved "https://registry.yarnpkg.com/num2fraction/-/num2fraction-1.2.2.tgz#6f682b6a027a4e9ddfa4564cd2589d1d4e669ede"
    integrity sha1-b2gragJ6Tp3fpFZM0lidHU5mnt4=
  
  object-keys@^1.0.11, object-keys@^1.0.12:
    version "1.1.1"
    resolved "https://registry.yarnpkg.com/object-keys/-/object-keys-1.1.1.tgz#1c47f272df277f3b1daf061677d9c82e2322c60e"
    integrity sha512-NuAESUOUMrlIXOfHKzD6bpPu3tYt3xvjNdRIQ+FeT0lNb4K8WR70CaDxhuNguS2XG+GjkyMwOzsN5ZktImfhLA==
  
  object.assign@^4.1.0:
    version "4.1.0"
    resolved "https://registry.yarnpkg.com/object.assign/-/object.assign-4.1.0.tgz#968bf1100d7956bb3ca086f006f846b3bc4008da"
    integrity sha512-exHJeq6kBKj58mqGyTQ9DFvrZC/eR6OwxzoM9YRoGBqrXYonaFyGiFMuc9VZrXf7DarreEwMpurG3dd+CNyW5w==
    dependencies:
      define-properties "^1.1.2"
      function-bind "^1.1.1"
      has-symbols "^1.0.0"
      object-keys "^1.0.11"
  
  p-limit@^1.1.0:
    version "1.3.0"
    resolved "https://registry.yarnpkg.com/p-limit/-/p-limit-1.3.0.tgz#b86bd5f0c25690911c7590fcbfc2010d54b3ccb8"
    integrity sha512-vvcXsLAJ9Dr5rQOPk7toZQZJApBl2K4J6dANSsEuh6QI41JYcsS/qhTGa9ErIUUgK3WNQoJYvylxvjqmiqEA9Q==
    dependencies:
      p-try "^1.0.0"
  
  p-locate@^2.0.0:
    version "2.0.0"
    resolved "https://registry.yarnpkg.com/p-locate/-/p-locate-2.0.0.tgz#20a0103b222a70c8fd39cc2e580680f3dde5ec43"
    integrity sha1-IKAQOyIqcMj9OcwuWAaA893l7EM=
    dependencies:
      p-limit "^1.1.0"
  
  p-try@^1.0.0:
    version "1.0.0"
    resolved "https://registry.yarnpkg.com/p-try/-/p-try-1.0.0.tgz#cbc79cdbaf8fd4228e13f621f2b1a237c1b207b3"
    integrity sha1-y8ec26+P1CKOE/Yh8rGiN8GyB7M=
  
  particles.js@^2.0.0:
    version "2.0.0"
    resolved "https://registry.yarnpkg.com/particles.js/-/particles.js-2.0.0.tgz#21386c4328d6c7f96780a201e96eedfc09c736f6"
    integrity sha1-IThsQyjWx/lngKIB6W7t/AnHNvY=
  
  path-exists@^3.0.0:
    version "3.0.0"
    resolved "https://registry.yarnpkg.com/path-exists/-/path-exists-3.0.0.tgz#ce0ebeaa5f78cb18925ea7d810d7b59b010fd515"
    integrity sha1-zg6+ql94yxiSXqfYENe1mwEP1RU=
  
  path-parse@^1.0.6:
    version "1.0.6"
    resolved "https://registry.yarnpkg.com/path-parse/-/path-parse-1.0.6.tgz#d62dbb5679405d72c4737ec58600e9ddcf06d24c"
    integrity sha512-GSmOT2EbHrINBf9SR7CDELwlJ8AENk3Qn7OikK4nFYAu3Ote2+JYNVvkpAEQm3/TLNEJFD/xZJjzyxg3KBWOzw==
  
  picomatch@^2.0.4, picomatch@^2.2.1:
    version "2.2.2"
    resolved "https://registry.yarnpkg.com/picomatch/-/picomatch-2.2.2.tgz#21f333e9b6b8eaff02468f5146ea406d345f4dad"
    integrity sha512-q0M/9eZHzmr0AulXyPwNfZjtwZ/RBZlbN3K3CErVrk50T2ASYI7Bye0EvekFY3IP1Nt2DHu0re+V2ZHIpMkuWg==
  
  pkg-up@^2.0.0:
    version "2.0.0"
    resolved "https://registry.yarnpkg.com/pkg-up/-/pkg-up-2.0.0.tgz#c819ac728059a461cab1c3889a2be3c49a004d7f"
    integrity sha1-yBmscoBZpGHKscOImivjxJoATX8=
    dependencies:
      find-up "^2.1.0"
  
  postcss-value-parser@^4.1.0:
    version "4.1.0"
    resolved "https://registry.yarnpkg.com/postcss-value-parser/-/postcss-value-parser-4.1.0.tgz#443f6a20ced6481a2bda4fa8532a6e55d789a2cb"
    integrity sha512-97DXOFbQJhk71ne5/Mt6cOu6yxsSfM0QGQyl0L25Gca4yGWEGJaig7l7gbCX623VqTBNGLRLaVUCnNkcedlRSQ==
  
  postcss@^7.0.32:
    version "7.0.32"
    resolved "https://registry.yarnpkg.com/postcss/-/postcss-7.0.32.tgz#4310d6ee347053da3433db2be492883d62cec59d"
    integrity sha512-03eXong5NLnNCD05xscnGKGDZ98CyzoqPSMjOe6SuoQY7Z2hIj0Ld1g/O/UQRuOle2aRtiIRDg9tDcTGAkLfKw==
    dependencies:
      chalk "^2.4.2"
      source-map "^0.6.1"
      supports-color "^6.1.0"
  
  private@^0.1.8:
    version "0.1.8"
    resolved "https://registry.yarnpkg.com/private/-/private-0.1.8.tgz#2381edb3689f7a53d653190060fcf822d2f368ff"
    integrity sha512-VvivMrbvd2nKkiG38qjULzlc+4Vx4wm/whI9pQD35YrARNnhxeiRktSOhSukRLFNlzg6Br/cJPet5J/u19r/mg==
  
  readdirp@~3.4.0:
    version "3.4.0"
    resolved "https://registry.yarnpkg.com/readdirp/-/readdirp-3.4.0.tgz#9fdccdf9e9155805449221ac645e8303ab5b9ada"
    integrity sha512-0xe001vZBnJEK+uKcj8qOhyAKPzIT+gStxWr3LCB0DwcXR5NZJ3IaC+yGnHCYzB/S7ov3m3EEbZI2zeNvX+hGQ==
    dependencies:
      picomatch "^2.2.1"
  
  regenerate-unicode-properties@^8.2.0:
    version "8.2.0"
    resolved "https://registry.yarnpkg.com/regenerate-unicode-properties/-/regenerate-unicode-properties-8.2.0.tgz#e5de7111d655e7ba60c057dbe9ff37c87e65cdec"
    integrity sha512-F9DjY1vKLo/tPePDycuH3dn9H1OTPIkVD9Kz4LODu+F2C75mgjAJ7x/gwy6ZcSNRAAkhNlJSOHRe8k3p+K9WhA==
    dependencies:
      regenerate "^1.4.0"
  
  regenerate@^1.4.0:
    version "1.4.0"
    resolved "https://registry.yarnpkg.com/regenerate/-/regenerate-1.4.0.tgz#4a856ec4b56e4077c557589cae85e7a4c8869a11"
    integrity sha512-1G6jJVDWrt0rK99kBjvEtziZNCICAuvIPkSiUFIQxVP06RCVpq3dmDo2oi6ABpYaDYaTRr67BEhL8r1wgEZZKg==
  
  regenerator-runtime@^0.13.4:
    version "0.13.5"
    resolved "https://registry.yarnpkg.com/regenerator-runtime/-/regenerator-runtime-0.13.5.tgz#d878a1d094b4306d10b9096484b33ebd55e26697"
    integrity sha512-ZS5w8CpKFinUzOwW3c83oPeVXoNsrLsaCoLtJvAClH135j/R77RuymhiSErhm2lKcwSCIpmvIWSbDkIfAqKQlA==
  
  regenerator-transform@^0.14.2:
    version "0.14.4"
    resolved "https://registry.yarnpkg.com/regenerator-transform/-/regenerator-transform-0.14.4.tgz#5266857896518d1616a78a0479337a30ea974cc7"
    integrity sha512-EaJaKPBI9GvKpvUz2mz4fhx7WPgvwRLY9v3hlNHWmAuJHI13T4nwKnNvm5RWJzEdnI5g5UwtOww+S8IdoUC2bw==
    dependencies:
      "@babel/runtime" "^7.8.4"
      private "^0.1.8"
  
  regexpu-core@^4.7.0:
    version "4.7.0"
    resolved "https://registry.yarnpkg.com/regexpu-core/-/regexpu-core-4.7.0.tgz#fcbf458c50431b0bb7b45d6967b8192d91f3d938"
    integrity sha512-TQ4KXRnIn6tz6tjnrXEkD/sshygKH/j5KzK86X8MkeHyZ8qst/LZ89j3X4/8HEIfHANTFIP/AbXakeRhWIl5YQ==
    dependencies:
      regenerate "^1.4.0"
      regenerate-unicode-properties "^8.2.0"
      regjsgen "^0.5.1"
      regjsparser "^0.6.4"
      unicode-match-property-ecmascript "^1.0.4"
      unicode-match-property-value-ecmascript "^1.2.0"
  
  regjsgen@^0.5.1:
    version "0.5.2"
    resolved "https://registry.yarnpkg.com/regjsgen/-/regjsgen-0.5.2.tgz#92ff295fb1deecbf6ecdab2543d207e91aa33733"
    integrity sha512-OFFT3MfrH90xIW8OOSyUrk6QHD5E9JOTeGodiJeBS3J6IwlgzJMNE/1bZklWz5oTg+9dCMyEetclvCVXOPoN3A==
  
  regjsparser@^0.6.4:
    version "0.6.4"
    resolved "https://registry.yarnpkg.com/regjsparser/-/regjsparser-0.6.4.tgz#a769f8684308401a66e9b529d2436ff4d0666272"
    integrity sha512-64O87/dPDgfk8/RQqC4gkZoGyyWFIEUTTh80CU6CWuK5vkCGyekIx+oKcEIYtP/RAxSQltCZHCNu/mdd7fqlJw==
    dependencies:
      jsesc "~0.5.0"
  
  reset-css@^5.0.1:
    version "5.0.1"
    resolved "https://registry.yarnpkg.com/reset-css/-/reset-css-5.0.1.tgz#1ced0604fdb6836567e40d82de3537afaf3bb4c8"
    integrity sha512-VyuJdNFfp5x/W6e5wauJM59C02Vs0P22sxzZGhQMPaqu/NGTeFxlBFOOw3eq9vQd19gIDdZp7zi89ylyKOJ33Q==
  
  resolve@^1.3.2, resolve@^1.8.1:
    version "1.17.0"
    resolved "https://registry.yarnpkg.com/resolve/-/resolve-1.17.0.tgz#b25941b54968231cc2d1bb76a79cb7f2c0bf8444"
    integrity sha512-ic+7JYiV8Vi2yzQGFWOkiZD5Z9z7O2Zhm9XMaTxdJExKasieFCr+yXZ/WmXsckHiKl12ar0y6XiXDx3m4RHn1w==
    dependencies:
      path-parse "^1.0.6"
  
  safe-buffer@~5.1.1:
    version "5.1.2"
    resolved "https://registry.yarnpkg.com/safe-buffer/-/safe-buffer-5.1.2.tgz#991ec69d296e0313747d59bdfd2b745c35f8828d"
    integrity sha512-Gd2UZBJDkXlY7GbJxfsE8/nvKkUEU1G38c1siN6QP6a9PT9MmHB8GnpscSmMJSoF8LOIrt8ud/wPtojys4G6+g==
  
  sass@^1.26.7:
    version "1.26.7"
    resolved "https://registry.yarnpkg.com/sass/-/sass-1.26.7.tgz#d3c9f3dd9771632bfb60af8746c308da3765166d"
    integrity sha512-xgNazdkr6yvgHEfNaOjKtZzhDZmKYMCmoRKMPrTDo7YvjaITIzU2DDYsIUuN/atAg7/JOxPeCQHH7TtCo5Tq2g==
    dependencies:
      chokidar ">=2.0.0 <4.0.0"
  
  semver@7.0.0:
    version "7.0.0"
    resolved "https://registry.yarnpkg.com/semver/-/semver-7.0.0.tgz#5f3ca35761e47e05b206c6daff2cf814f0316b8e"
    integrity sha512-+GB6zVA9LWh6zovYQLALHwv5rb2PHGlJi3lfiqIHxR0uuwCgefcOJc59v9fv1w8GbStwxuuqqAjI9NMAOOgq1A==
  
  semver@^5.4.1, semver@^5.5.0, semver@^5.5.1:
    version "5.7.1"
    resolved "https://registry.yarnpkg.com/semver/-/semver-5.7.1.tgz#a954f931aeba508d307bbf069eff0c01c96116f7"
    integrity sha512-sauaDf/PZdVgrLTNYHRtpXa1iRiKcaebiKQ1BJdpQlWH2lCvexQdX55snPFyK7QzpudqbCI0qXFfOasHdyNDGQ==
  
  slick-carousel@^1.8.1:
    version "1.8.1"
    resolved "https://registry.yarnpkg.com/slick-carousel/-/slick-carousel-1.8.1.tgz#a4bfb29014887bb66ce528b90bd0cda262cc8f8d"
    integrity sha512-XB9Ftrf2EEKfzoQXt3Nitrt/IPbT+f1fgqBdoxO3W/+JYvtEOW6EgxnWfr9GH6nmULv7Y2tPmEX3koxThVmebA==
  
  source-map@^0.5.0:
    version "0.5.7"
    resolved "https://registry.yarnpkg.com/source-map/-/source-map-0.5.7.tgz#8a039d2d1021d22d1ea14c80d8ea468ba2ef3fcc"
    integrity sha1-igOdLRAh0i0eoUyA2OpGi6LvP8w=
  
  source-map@^0.6.1:
    version "0.6.1"
    resolved "https://registry.yarnpkg.com/source-map/-/source-map-0.6.1.tgz#74722af32e9614e9c287a8d0bbde48b5e2f1a263"
    integrity sha512-UjgapumWlbMhkBgzT7Ykc5YXUT46F0iKu8SGXq0bcwP5dz/h0Plj6enJqjz1Zbq2l5WaqYnrVbwWOWMyF3F47g==
  
  supports-color@^5.3.0:
    version "5.5.0"
    resolved "https://registry.yarnpkg.com/supports-color/-/supports-color-5.5.0.tgz#e2e69a44ac8772f78a1ec0b35b689df6530efc8f"
    integrity sha512-QjVjwdXIt408MIiAqCX4oUKsgU2EqAGzs2Ppkm4aQYbjm+ZEWEcW4SfFNTr4uMNZma0ey4f5lgLrkB0aX0QMow==
    dependencies:
      has-flag "^3.0.0"
  
  supports-color@^6.1.0:
    version "6.1.0"
    resolved "https://registry.yarnpkg.com/supports-color/-/supports-color-6.1.0.tgz#0764abc69c63d5ac842dd4867e8d025e880df8f3"
    integrity sha512-qe1jfm1Mg7Nq/NSh6XE24gPXROEVsWHxC1LIx//XNlD9iw7YZQGjZNjYN7xGaEG6iKdA8EtNFW6R0gjnVXp+wQ==
    dependencies:
      has-flag "^3.0.0"
  
  sweetalert2@^9.14.0:
    version "9.14.0"
    resolved "https://registry.yarnpkg.com/sweetalert2/-/sweetalert2-9.14.0.tgz#2ae59c417745ae9360e47d7745a39be3ecbee1a2"
    integrity sha512-NXxaR5ZsT9JQ+pEH0lQPa6fzFr7Uqx2VNI3dcPBShwTngQkVLXzEJYB0XjWAx/oBLAIPyHlc/tc3bkojJ2HYzg==
  
  to-fast-properties@^2.0.0:
    version "2.0.0"
    resolved "https://registry.yarnpkg.com/to-fast-properties/-/to-fast-properties-2.0.0.tgz#dc5e698cbd079265bc73e0377681a4e4e83f616e"
    integrity sha1-3F5pjL0HkmW8c+A3doGk5Og/YW4=
  
  to-regex-range@^5.0.1:
    version "5.0.1"
    resolved "https://registry.yarnpkg.com/to-regex-range/-/to-regex-range-5.0.1.tgz#1648c44aae7c8d988a326018ed72f5b4dd0392e4"
    integrity sha512-65P7iz6X5yEr1cwcgvQxbbIw7Uk3gOy5dIdtZ4rDveLqhrdJP+Li/Hx6tyK0NEb+2GCyneCMJiGqrADCSNk8sQ==
    dependencies:
      is-number "^7.0.0"
  
  unicode-canonical-property-names-ecmascript@^1.0.4:
    version "1.0.4"
    resolved "https://registry.yarnpkg.com/unicode-canonical-property-names-ecmascript/-/unicode-canonical-property-names-ecmascript-1.0.4.tgz#2619800c4c825800efdd8343af7dd9933cbe2818"
    integrity sha512-jDrNnXWHd4oHiTZnx/ZG7gtUTVp+gCcTTKr8L0HjlwphROEW3+Him+IpvC+xcJEFegapiMZyZe02CyuOnRmbnQ==
  
  unicode-match-property-ecmascript@^1.0.4:
    version "1.0.4"
    resolved "https://registry.yarnpkg.com/unicode-match-property-ecmascript/-/unicode-match-property-ecmascript-1.0.4.tgz#8ed2a32569961bce9227d09cd3ffbb8fed5f020c"
    integrity sha512-L4Qoh15vTfntsn4P1zqnHulG0LdXgjSO035fEpdtp6YxXhMT51Q6vgM5lYdG/5X3MjS+k/Y9Xw4SFCY9IkR0rg==
    dependencies:
      unicode-canonical-property-names-ecmascript "^1.0.4"
      unicode-property-aliases-ecmascript "^1.0.4"
  
  unicode-match-property-value-ecmascript@^1.2.0:
    version "1.2.0"
    resolved "https://registry.yarnpkg.com/unicode-match-property-value-ecmascript/-/unicode-match-property-value-ecmascript-1.2.0.tgz#0d91f600eeeb3096aa962b1d6fc88876e64ea531"
    integrity sha512-wjuQHGQVofmSJv1uVISKLE5zO2rNGzM/KCYZch/QQvez7C1hUhBIuZ701fYXExuufJFMPhv2SyL8CyoIfMLbIQ==
  
  unicode-property-aliases-ecmascript@^1.0.4:
    version "1.1.0"
    resolved "https://registry.yarnpkg.com/unicode-property-aliases-ecmascript/-/unicode-property-aliases-ecmascript-1.1.0.tgz#dd57a99f6207bedff4628abefb94c50db941c8f4"
    integrity sha512-PqSoPh/pWetQ2phoj5RLiaqIk4kCNwoV3CI+LfGmWLKI3rE3kl1h59XpX2BjgDrmbxD9ARtQobPGU1SguCYuQg==
